**************************** SYSTEM DETAILS *************************************************************
NAME="SLES"
VERSION="15"
VERSION_ID="15"
PRETTY_NAME="SUSE Linux Enterprise Server 15"
ID="sles"
ID_LIKE="suse"
ANSI_COLOR="0;32"
CPE_NAME="cpe:/o:suse:sles:15"
Linux version 4.4.0-165-generic (buildd@bos02-s390x-014) (gcc version 5.4.0 20160609 (Ubuntu 5.4.0-6ubuntu1~16.04.10) ) #193-Ubuntu SMP Tue Sep 17 17:41:03 UTC 2019
*********************************************************************************************************
Request details : PACKAGE NAME= go , VERSION= 1.12.9 
Sudo : Yes
Installing go 1.12.9 for sles-15 
Installing the dependencies for Go from repository 
Refreshing service 'container-suseconnect'.
Problem retrieving the repository index file for service 'container-suseconnect':
[container-suseconnect|file:/usr/lib/zypp/plugins/services/container-suseconnect] 
Warning: Skipping service 'container-suseconnect' because of the above error.
Loading repository data...
Reading installed packages...
'tar' is already installed.
No update candidate for 'tar-1.30-3.3.2.s390x'. The highest available version is already installed.
'gcc' is already installed.
No update candidate for 'gcc-7-3.3.22.s390x'. The highest available version is already installed.
'gzip' is already installed.
No update candidate for 'gzip-1.9-2.21.s390x'. The highest available version is already installed.
'wget' is already installed.
No update candidate for 'wget-1.19.5-3.6.2.s390x'. The highest available version is already installed.
Resolving package dependencies...

Nothing to do.
Configuration and Installation started 
Downloading go binaries 
Extracted the tar in /usr/local and created symlink
Symlink done for gcc 
Cleaned up the artifacts
Installed go 1.12.9 successfully 


Usage: 
  Set GOROOT and GOPATH to get started 
  More information can be found here : https://golang.org/cmd/go/ 

