**************************** SYSTEM DETAILS *************************************************************
NAME="Ubuntu"
VERSION="18.04 LTS (Bionic Beaver)"
ID=ubuntu
ID_LIKE=debian
PRETTY_NAME="Ubuntu Bionic Beaver (development branch)"
VERSION_ID="18.04"
HOME_URL="https://www.ubuntu.com/"
SUPPORT_URL="https://help.ubuntu.com/"
BUG_REPORT_URL="https://bugs.launchpad.net/ubuntu/"
PRIVACY_POLICY_URL="https://www.ubuntu.com/legal/terms-and-policies/privacy-policy"
VERSION_CODENAME=bionic
UBUNTU_CODENAME=bionic
Linux version 4.4.0-165-generic (buildd@bos02-s390x-014) (gcc version 5.4.0 20160609 (Ubuntu 5.4.0-6ubuntu1~16.04.10) ) #193-Ubuntu SMP Tue Sep 17 17:41:03 UTC 2019
*********************************************************************************************************
Request details : PACKAGE NAME= go , VERSION= 1.12.9 
Sudo : Yes
Installing go 1.12.9 for ubuntu-18.04 
Reading package lists...
Building dependency tree...
Reading state information...
gcc is already the newest version (4:7.4.0-1ubuntu2.3).
gcc set to manually installed.
tar is already the newest version (1.29b-2ubuntu0.1).
wget is already the newest version (1.19.4-1ubuntu2.2).
wget set to manually installed.
The following packages were automatically installed and are no longer required:
  libgail-common libgail18 libgtk2.0-0 libgtk2.0-bin libgtk2.0-common
Use 'sudo apt autoremove' to remove them.
0 upgraded, 0 newly installed, 0 to remove and 271 not upgraded.
Configuration and Installation started 
Downloading go binaries 
Extracted the tar in /usr/local and created symlink
Cleaned up the artifacts
Installed go 1.12.9 successfully 


Usage: 
  Set GOROOT and GOPATH to get started 
  More information can be found here : https://golang.org/cmd/go/ 

