Using `mvn` from path: /usr/bin/mvn
[[1;34mINFO[m] Scanning for projects...
[[1;34mINFO[m] [1m------------------------------------------------------------------------[m
[[1;34mINFO[m] [1mReactor Build Order:[m
[[1;34mINFO[m] 
[[1;34mINFO[m] Spark Project Parent POM                                           [pom]
[[1;34mINFO[m] Spark Project Tags                                                 [jar]
[[1;34mINFO[m] Spark Project Sketch                                               [jar]
[[1;34mINFO[m] Spark Project Local DB                                             [jar]
[[1;34mINFO[m] Spark Project Networking                                           [jar]
[[1;34mINFO[m] Spark Project Shuffle Streaming Service                            [jar]
[[1;34mINFO[m] Spark Project Unsafe                                               [jar]
[[1;34mINFO[m] Spark Project Launcher                                             [jar]
[[1;34mINFO[m] Spark Project Core                                                 [jar]
[[1;34mINFO[m] Spark Project ML Local Library                                     [jar]
[[1;34mINFO[m] Spark Project GraphX                                               [jar]
[[1;34mINFO[m] Spark Project Streaming                                            [jar]
[[1;34mINFO[m] Spark Project Catalyst                                             [jar]
[[1;34mINFO[m] Spark Project SQL                                                  [jar]
[[1;34mINFO[m] Spark Project ML Library                                           [jar]
[[1;34mINFO[m] Spark Project Tools                                                [jar]
[[1;34mINFO[m] Spark Project Hive                                                 [jar]
[[1;34mINFO[m] Spark Project REPL                                                 [jar]
[[1;34mINFO[m] Spark Project Assembly                                             [pom]
[[1;34mINFO[m] Spark Integration for Kafka 0.10                                   [jar]
[[1;34mINFO[m] Kafka 0.10+ Source for Structured Streaming                        [jar]
[[1;34mINFO[m] Spark Project Examples                                             [jar]
[[1;34mINFO[m] Spark Integration for Kafka 0.10 Assembly                          [jar]
[[1;34mINFO[m] Spark Avro                                                         [jar]
[[1;34mINFO[m] 
[[1;34mINFO[m] [1m-----------------< [0;36morg.apache.spark:spark-parent_2.11[0;1m >-----------------[m
[[1;34mINFO[m] [1mBuilding Spark Project Parent POM 2.4.4                           [1/24][m
[[1;34mINFO[m] [1m--------------------------------[ pom ]---------------------------------[m
[[1;34mINFO[m] 
[[1;34mINFO[m] [1m--- [0;32mmaven-enforcer-plugin:3.0.0-M1:enforce[m [1m(enforce-versions)[m @ [36mspark-parent_2.11[0;1m ---[m
[[1;34mINFO[m] 
[[1;34mINFO[m] [1m--- [0;32mscala-maven-plugin:3.2.2:add-source[m [1m(eclipse-add-source)[m @ [36mspark-parent_2.11[0;1m ---[m
[[1;34mINFO[m] Add Source directory: /home/test/spark/src/main/scala
[[1;34mINFO[m] Add Test Source directory: /home/test/spark/src/test/scala
[[1;34mINFO[m] 
[[1;34mINFO[m] [1m--- [0;32mmaven-dependency-plugin:3.0.2:build-classpath[m [1m(default-cli)[m @ [36mspark-parent_2.11[0;1m ---[m
[[1;34mINFO[m] Dependencies classpath:
/home/test/.m2/repository/org/spark-project/spark/unused/1.0.0/unused-1.0.0.jar
[[1;34mINFO[m] 
[[1;34mINFO[m] [1m--- [0;32mmaven-remote-resources-plugin:1.5:process[m [1m(process-resource-bundles)[m @ [36mspark-parent_2.11[0;1m ---[m
[[1;34mINFO[m] 
[[1;34mINFO[m] [1m--- [0;32mscala-maven-plugin:3.2.2:compile[m [1m(scala-compile-first)[m @ [36mspark-parent_2.11[0;1m ---[m
[[1;34mINFO[m] No sources to compile
[[1;34mINFO[m] 
[[1;34mINFO[m] [1m--- [0;32mmaven-antrun-plugin:1.8:run[m [1m(create-tmp-dir)[m @ [36mspark-parent_2.11[0;1m ---[m
[[1;34mINFO[m] Executing tasks

main:
[[1;34mINFO[m] Executed tasks
[[1;34mINFO[m] 
[[1;34mINFO[m] [1m--- [0;32mmaven-dependency-plugin:3.0.2:build-classpath[m [1m(generate-test-classpath)[m @ [36mspark-parent_2.11[0;1m ---[m
[[1;34mINFO[m] Dependencies classpath:
/home/test/.m2/repository/org/scala-lang/modules/scala-xml_2.11/1.0.5/scala-xml_2.11-1.0.5.jar:/home/test/.m2/repository/org/scalatest/scalatest_2.11/3.0.3/scalatest_2.11-3.0.3.jar:/home/test/.m2/repository/org/spark-project/spark/unused/1.0.0/unused-1.0.0.jar:/home/test/.m2/repository/org/scala-sbt/test-interface/1.0/test-interface-1.0.jar:/home/test/.m2/repository/com/novocode/junit-interface/0.11/junit-interface-0.11.jar:/home/test/.m2/repository/org/scala-lang/scala-reflect/2.11.12/scala-reflect-2.11.12.jar:/home/test/.m2/repository/org/hamcrest/hamcrest-core/1.3/hamcrest-core-1.3.jar:/home/test/.m2/repository/org/scala-lang/scala-library/2.11.12/scala-library-2.11.12.jar:/home/test/.m2/repository/org/scalactic/scalactic_2.11/3.0.3/scalactic_2.11-3.0.3.jar:/home/test/.m2/repository/org/scala-lang/modules/scala-parser-combinators_2.11/1.1.0/scala-parser-combinators_2.11-1.1.0.jar:/home/test/.m2/repository/junit/junit/4.12/junit-4.12.jar
[[1;34mINFO[m] 
[[1;34mINFO[m] [1m--- [0;32mscala-maven-plugin:3.2.2:testCompile[m [1m(scala-test-compile-first)[m @ [36mspark-parent_2.11[0;1m ---[m
[[1;34mINFO[m] No sources to compile
[[1;34mINFO[m] 
[[1;34mINFO[m] [1m--- [0;32mmaven-surefire-plugin:2.22.0:test[m [1m(test)[m @ [36mspark-parent_2.11[0;1m ---[m
[[1;34mINFO[m] 
[[1;34mINFO[m] [1m--- [0;32mscalatest-maven-plugin:1.0:test[m [1m(test)[m @ [36mspark-parent_2.11[0;1m ---[m
[36mDiscovery starting.[0m
[36mDiscovery completed in 77 milliseconds.[0m
[36mRun starting. Expected test count is: 0[0m
[32mDiscoverySuite:[0m
[36mRun completed in 149 milliseconds.[0m
[36mTotal number of tests run: 0[0m
[36mSuites: completed 1, aborted 0[0m
[36mTests: succeeded 0, failed 0, canceled 0, ignored 0, pending 0[0m
[33mNo tests were executed.[0m
[[1;34mINFO[m] 
[[1;34mINFO[m] [1m------------------< [0;36morg.apache.spark:spark-tags_2.11[0;1m >------------------[m
[[1;34mINFO[m] [1mBuilding Spark Project Tags 2.4.4                                 [2/24][m
[[1;34mINFO[m] [1m--------------------------------[ jar ]---------------------------------[m
[[1;34mINFO[m] 
[[1;34mINFO[m] [1m--- [0;32mmaven-enforcer-plugin:3.0.0-M1:enforce[m [1m(enforce-versions)[m @ [36mspark-tags_2.11[0;1m ---[m
[[1;34mINFO[m] 
[[1;34mINFO[m] [1m--- [0;32mscala-maven-plugin:3.2.2:add-source[m [1m(eclipse-add-source)[m @ [36mspark-tags_2.11[0;1m ---[m
[[1;34mINFO[m] Add Source directory: /home/test/spark/common/tags/src/main/scala
[[1;34mINFO[m] Add Test Source directory: /home/test/spark/common/tags/src/test/scala
[[1;34mINFO[m] 
[[1;34mINFO[m] [1m--- [0;32mmaven-dependency-plugin:3.0.2:build-classpath[m [1m(default-cli)[m @ [36mspark-tags_2.11[0;1m ---[m
[[1;34mINFO[m] Dependencies classpath:
/home/test/.m2/repository/org/spark-project/spark/unused/1.0.0/unused-1.0.0.jar:/home/test/.m2/repository/org/scala-lang/scala-library/2.11.12/scala-library-2.11.12.jar
[[1;34mINFO[m] 
[[1;34mINFO[m] [1m--- [0;32mmaven-remote-resources-plugin:1.5:process[m [1m(process-resource-bundles)[m @ [36mspark-tags_2.11[0;1m ---[m
[[1;34mINFO[m] 
[[1;34mINFO[m] [1m--- [0;32mmaven-resources-plugin:2.7:resources[m [1m(default-resources)[m @ [36mspark-tags_2.11[0;1m ---[m
[[1;34mINFO[m] Using 'UTF-8' encoding to copy filtered resources.
[[1;34mINFO[m] skip non existing resourceDirectory /home/test/spark/common/tags/src/main/resources
[[1;34mINFO[m] Copying 3 resources
[[1;34mINFO[m] 
[[1;34mINFO[m] [1m--- [0;32mmaven-compiler-plugin:3.7.0:compile[m [1m(default-compile)[m @ [36mspark-tags_2.11[0;1m ---[m
[[1;34mINFO[m] Not compiling main sources
[[1;34mINFO[m] 
[[1;34mINFO[m] [1m--- [0;32mscala-maven-plugin:3.2.2:compile[m [1m(scala-compile-first)[m @ [36mspark-tags_2.11[0;1m ---[m
[[1;34mINFO[m] Using zinc server for incremental compilation
[0m[[0minfo[0m] [0mCompile success at Oct 16, 2019 7:53:08 AM [1.447s][0m
[[1;34mINFO[m] 
[[1;34mINFO[m] [1m--- [0;32mmaven-antrun-plugin:1.8:run[m [1m(create-tmp-dir)[m @ [36mspark-tags_2.11[0;1m ---[m
[[1;34mINFO[m] Executing tasks

main:
[[1;34mINFO[m] Executed tasks
[[1;34mINFO[m] 
[[1;34mINFO[m] [1m--- [0;32mmaven-resources-plugin:2.7:testResources[m [1m(default-testResources)[m @ [36mspark-tags_2.11[0;1m ---[m
[[1;34mINFO[m] Using 'UTF-8' encoding to copy filtered resources.
[[1;34mINFO[m] skip non existing resourceDirectory /home/test/spark/common/tags/src/test/resources
[[1;34mINFO[m] Copying 3 resources
[[1;34mINFO[m] 
[[1;34mINFO[m] [1m--- [0;32mmaven-compiler-plugin:3.7.0:testCompile[m [1m(default-testCompile)[m @ [36mspark-tags_2.11[0;1m ---[m
[[1;34mINFO[m] Not compiling test sources
[[1;34mINFO[m] 
[[1;34mINFO[m] [1m--- [0;32mmaven-dependency-plugin:3.0.2:build-classpath[m [1m(generate-test-classpath)[m @ [36mspark-tags_2.11[0;1m ---[m
[[1;34mINFO[m] Dependencies classpath:
/home/test/.m2/repository/org/scala-lang/modules/scala-xml_2.11/1.0.5/scala-xml_2.11-1.0.5.jar:/home/test/.m2/repository/org/scalatest/scalatest_2.11/3.0.3/scalatest_2.11-3.0.3.jar:/home/test/.m2/repository/org/spark-project/spark/unused/1.0.0/unused-1.0.0.jar:/home/test/.m2/repository/org/scala-sbt/test-interface/1.0/test-interface-1.0.jar:/home/test/.m2/repository/com/novocode/junit-interface/0.11/junit-interface-0.11.jar:/home/test/.m2/repository/org/scala-lang/scala-reflect/2.11.12/scala-reflect-2.11.12.jar:/home/test/.m2/repository/org/hamcrest/hamcrest-core/1.3/hamcrest-core-1.3.jar:/home/test/.m2/repository/org/scala-lang/scala-library/2.11.12/scala-library-2.11.12.jar:/home/test/.m2/repository/org/scalactic/scalactic_2.11/3.0.3/scalactic_2.11-3.0.3.jar:/home/test/.m2/repository/org/scala-lang/modules/scala-parser-combinators_2.11/1.1.0/scala-parser-combinators_2.11-1.1.0.jar:/home/test/.m2/repository/junit/junit/4.12/junit-4.12.jar
[[1;34mINFO[m] 
[[1;34mINFO[m] [1m--- [0;32mscala-maven-plugin:3.2.2:testCompile[m [1m(scala-test-compile-first)[m @ [36mspark-tags_2.11[0;1m ---[m
[[1;34mINFO[m] Using zinc server for incremental compilation
[0m[[0minfo[0m] [0mCompile success at Oct 16, 2019 7:53:09 AM [0.202s][0m
[[1;34mINFO[m] 
[[1;34mINFO[m] [1m--- [0;32mmaven-surefire-plugin:2.22.0:test[m [1m(default-test)[m @ [36mspark-tags_2.11[0;1m ---[m
[[1;34mINFO[m] 
[[1;34mINFO[m] [1m--- [0;32mmaven-surefire-plugin:2.22.0:test[m [1m(test)[m @ [36mspark-tags_2.11[0;1m ---[m
[[1;34mINFO[m] Skipping execution of surefire because it has already been run for this configuration
[[1;34mINFO[m] 
[[1;34mINFO[m] [1m--- [0;32mscalatest-maven-plugin:1.0:test[m [1m(test)[m @ [36mspark-tags_2.11[0;1m ---[m
[36mDiscovery starting.[0m
[36mDiscovery completed in 233 milliseconds.[0m
[36mRun starting. Expected test count is: 0[0m
[32mDiscoverySuite:[0m
[36mRun completed in 262 milliseconds.[0m
[36mTotal number of tests run: 0[0m
[36mSuites: completed 1, aborted 0[0m
[36mTests: succeeded 0, failed 0, canceled 0, ignored 0, pending 0[0m
[33mNo tests were executed.[0m
[[1;34mINFO[m] 
[[1;34mINFO[m] [1m-----------------< [0;36morg.apache.spark:spark-sketch_2.11[0;1m >-----------------[m
[[1;34mINFO[m] [1mBuilding Spark Project Sketch 2.4.4                               [3/24][m
[[1;34mINFO[m] [1m--------------------------------[ jar ]---------------------------------[m
[[1;34mINFO[m] 
[[1;34mINFO[m] [1m--- [0;32mmaven-enforcer-plugin:3.0.0-M1:enforce[m [1m(enforce-versions)[m @ [36mspark-sketch_2.11[0;1m ---[m
[[1;34mINFO[m] 
[[1;34mINFO[m] [1m--- [0;32mscala-maven-plugin:3.2.2:add-source[m [1m(eclipse-add-source)[m @ [36mspark-sketch_2.11[0;1m ---[m
[[1;34mINFO[m] Add Source directory: /home/test/spark/common/sketch/src/main/scala
[[1;34mINFO[m] Add Test Source directory: /home/test/spark/common/sketch/src/test/scala
[[1;34mINFO[m] 
[[1;34mINFO[m] [1m--- [0;32mmaven-dependency-plugin:3.0.2:build-classpath[m [1m(default-cli)[m @ [36mspark-sketch_2.11[0;1m ---[m
[[1;34mINFO[m] Dependencies classpath:
/home/test/spark/common/tags/target/scala-2.11/classes:/home/test/.m2/repository/org/spark-project/spark/unused/1.0.0/unused-1.0.0.jar:/home/test/.m2/repository/org/scala-lang/scala-library/2.11.12/scala-library-2.11.12.jar
[[1;34mINFO[m] 
[[1;34mINFO[m] [1m--- [0;32mmaven-remote-resources-plugin:1.5:process[m [1m(process-resource-bundles)[m @ [36mspark-sketch_2.11[0;1m ---[m
[[1;34mINFO[m] 
[[1;34mINFO[m] [1m--- [0;32mmaven-resources-plugin:2.7:resources[m [1m(default-resources)[m @ [36mspark-sketch_2.11[0;1m ---[m
[[1;34mINFO[m] Using 'UTF-8' encoding to copy filtered resources.
[[1;34mINFO[m] skip non existing resourceDirectory /home/test/spark/common/sketch/src/main/resources
[[1;34mINFO[m] Copying 3 resources
[[1;34mINFO[m] 
[[1;34mINFO[m] [1m--- [0;32mmaven-compiler-plugin:3.7.0:compile[m [1m(default-compile)[m @ [36mspark-sketch_2.11[0;1m ---[m
[[1;34mINFO[m] Not compiling main sources
[[1;34mINFO[m] 
[[1;34mINFO[m] [1m--- [0;32mscala-maven-plugin:3.2.2:compile[m [1m(scala-compile-first)[m @ [36mspark-sketch_2.11[0;1m ---[m
[[1;34mINFO[m] Using zinc server for incremental compilation
[0m[[0minfo[0m] [0mCompile success at Oct 16, 2019 7:53:18 AM [0.231s][0m
[[1;34mINFO[m] 
[[1;34mINFO[m] [1m--- [0;32mmaven-antrun-plugin:1.8:run[m [1m(create-tmp-dir)[m @ [36mspark-sketch_2.11[0;1m ---[m
[[1;34mINFO[m] Executing tasks

main:
[[1;34mINFO[m] Executed tasks
[[1;34mINFO[m] 
[[1;34mINFO[m] [1m--- [0;32mmaven-resources-plugin:2.7:testResources[m [1m(default-testResources)[m @ [36mspark-sketch_2.11[0;1m ---[m
[[1;34mINFO[m] Using 'UTF-8' encoding to copy filtered resources.
[[1;34mINFO[m] skip non existing resourceDirectory /home/test/spark/common/sketch/src/test/resources
[[1;34mINFO[m] Copying 3 resources
[[1;34mINFO[m] 
[[1;34mINFO[m] [1m--- [0;32mmaven-compiler-plugin:3.7.0:testCompile[m [1m(default-testCompile)[m @ [36mspark-sketch_2.11[0;1m ---[m
[[1;34mINFO[m] Not compiling test sources
[[1;34mINFO[m] 
[[1;34mINFO[m] [1m--- [0;32mmaven-dependency-plugin:3.0.2:build-classpath[m [1m(generate-test-classpath)[m @ [36mspark-sketch_2.11[0;1m ---[m
[[1;34mINFO[m] Dependencies classpath:
/home/test/.m2/repository/org/scala-lang/modules/scala-xml_2.11/1.0.5/scala-xml_2.11-1.0.5.jar:/home/test/.m2/repository/org/scalatest/scalatest_2.11/3.0.3/scalatest_2.11-3.0.3.jar:/home/test/.m2/repository/org/spark-project/spark/unused/1.0.0/unused-1.0.0.jar:/home/test/.m2/repository/org/scala-sbt/test-interface/1.0/test-interface-1.0.jar:/home/test/.m2/repository/com/novocode/junit-interface/0.11/junit-interface-0.11.jar:/home/test/.m2/repository/org/scala-lang/scala-reflect/2.11.12/scala-reflect-2.11.12.jar:/home/test/.m2/repository/org/hamcrest/hamcrest-core/1.3/hamcrest-core-1.3.jar:/home/test/.m2/repository/org/scala-lang/scala-library/2.11.12/scala-library-2.11.12.jar:/home/test/.m2/repository/org/scalactic/scalactic_2.11/3.0.3/scalactic_2.11-3.0.3.jar:/home/test/.m2/repository/org/scala-lang/modules/scala-parser-combinators_2.11/1.1.0/scala-parser-combinators_2.11-1.1.0.jar:/home/test/.m2/repository/junit/junit/4.12/junit-4.12.jar:/home/test/spark/common/tags/target/scala-2.11/test-classes:/home/test/spark/common/tags/target/scala-2.11/classes
[[1;34mINFO[m] 
[[1;34mINFO[m] [1m--- [0;32mscala-maven-plugin:3.2.2:testCompile[m [1m(scala-test-compile-first)[m @ [36mspark-sketch_2.11[0;1m ---[m
[[1;34mINFO[m] Using zinc server for incremental compilation
[0m[[0minfo[0m] [0mCompile success at Oct 16, 2019 7:53:19 AM [0.310s][0m
[[1;34mINFO[m] 
[[1;34mINFO[m] [1m--- [0;32mmaven-surefire-plugin:2.22.0:test[m [1m(default-test)[m @ [36mspark-sketch_2.11[0;1m ---[m
[[1;34mINFO[m] 
[[1;34mINFO[m] [1m--- [0;32mmaven-surefire-plugin:2.22.0:test[m [1m(test)[m @ [36mspark-sketch_2.11[0;1m ---[m
[[1;34mINFO[m] Skipping execution of surefire because it has already been run for this configuration
[[1;34mINFO[m] 
[[1;34mINFO[m] [1m--- [0;32mscalatest-maven-plugin:1.0:test[m [1m(test)[m @ [36mspark-sketch_2.11[0;1m ---[m
[36mDiscovery starting.[0m
[36mDiscovery completed in 464 milliseconds.[0m
[36mRun starting. Expected test count is: 29[0m
[32mBloomFilterSuite:[0m
[32m- accuracy - Byte[0m
[32m- mergeInPlace - Byte[0m
[32m- accuracy - Short[0m
[32m- mergeInPlace - Short[0m
[32m- accuracy - Int[0m
[32m- mergeInPlace - Int[0m
[32m- accuracy - Long[0m
[32m- mergeInPlace - Long[0m
[32m- accuracy - String[0m
[32m- mergeInPlace - String[0m
[32m- incompatible merge[0m
[32mBitArraySuite:[0m
[32m- error case when create BitArray[0m
[32m- bitSize[0m
[32m- set[0m
[32m- normal operation[0m
[32m- merge[0m
[32mCountMinSketchSuite:[0m
[32m- accuracy - Byte[0m
[32m- mergeInPlace - Byte[0m
[32m- accuracy - Short[0m
[32m- mergeInPlace - Short[0m
[32m- accuracy - Int[0m
[32m- mergeInPlace - Int[0m
[32m- accuracy - Long[0m
[32m- mergeInPlace - Long[0m
[32m- accuracy - String[0m
[32m- mergeInPlace - String[0m
[32m- accuracy - Byte array[0m
[32m- mergeInPlace - Byte array[0m
[32m- incompatible merge[0m
[36mRun completed in 27 seconds, 928 milliseconds.[0m
[36mTotal number of tests run: 29[0m
[36mSuites: completed 4, aborted 0[0m
[36mTests: succeeded 29, failed 0, canceled 0, ignored 0, pending 0[0m
[32mAll tests passed.[0m
[[1;34mINFO[m] 
[[1;34mINFO[m] [1m----------------< [0;36morg.apache.spark:spark-kvstore_2.11[0;1m >-----------------[m
[[1;34mINFO[m] [1mBuilding Spark Project Local DB 2.4.4                             [4/24][m
[[1;34mINFO[m] [1m--------------------------------[ jar ]---------------------------------[m
[[1;34mINFO[m] 
[[1;34mINFO[m] [1m--- [0;32mmaven-enforcer-plugin:3.0.0-M1:enforce[m [1m(enforce-versions)[m @ [36mspark-kvstore_2.11[0;1m ---[m
[[1;34mINFO[m] 
[[1;34mINFO[m] [1m--- [0;32mscala-maven-plugin:3.2.2:add-source[m [1m(eclipse-add-source)[m @ [36mspark-kvstore_2.11[0;1m ---[m
[[1;34mINFO[m] Add Source directory: /home/test/spark/common/kvstore/src/main/scala
[[1;34mINFO[m] Add Test Source directory: /home/test/spark/common/kvstore/src/test/scala
[[1;34mINFO[m] 
[[1;34mINFO[m] [1m--- [0;32mmaven-dependency-plugin:3.0.2:build-classpath[m [1m(default-cli)[m @ [36mspark-kvstore_2.11[0;1m ---[m
[[1;34mINFO[m] Dependencies classpath:
/home/test/spark/common/tags/target/scala-2.11/classes:/home/test/.m2/repository/com/fasterxml/jackson/core/jackson-annotations/2.6.7/jackson-annotations-2.6.7.jar:/home/test/.m2/repository/org/spark-project/spark/unused/1.0.0/unused-1.0.0.jar:/home/test/.m2/repository/com/fasterxml/jackson/core/jackson-databind/2.6.7.1/jackson-databind-2.6.7.1.jar:/home/test/.m2/repository/org/scala-lang/scala-library/2.11.12/scala-library-2.11.12.jar:/home/test/.m2/repository/com/fasterxml/jackson/core/jackson-core/2.6.7/jackson-core-2.6.7.jar:/home/test/.m2/repository/org/fusesource/leveldbjni/leveldbjni-all/1.8/leveldbjni-all-1.8.jar
[[1;34mINFO[m] 
[[1;34mINFO[m] [1m--- [0;32mmaven-remote-resources-plugin:1.5:process[m [1m(process-resource-bundles)[m @ [36mspark-kvstore_2.11[0;1m ---[m
[[1;34mINFO[m] 
[[1;34mINFO[m] [1m--- [0;32mmaven-resources-plugin:2.7:resources[m [1m(default-resources)[m @ [36mspark-kvstore_2.11[0;1m ---[m
[[1;34mINFO[m] Using 'UTF-8' encoding to copy filtered resources.
[[1;34mINFO[m] skip non existing resourceDirectory /home/test/spark/common/kvstore/src/main/resources
[[1;34mINFO[m] Copying 3 resources
[[1;34mINFO[m] 
[[1;34mINFO[m] [1m--- [0;32mmaven-compiler-plugin:3.7.0:compile[m [1m(default-compile)[m @ [36mspark-kvstore_2.11[0;1m ---[m
[[1;34mINFO[m] Not compiling main sources
[[1;34mINFO[m] 
[[1;34mINFO[m] [1m--- [0;32mscala-maven-plugin:3.2.2:compile[m [1m(scala-compile-first)[m @ [36mspark-kvstore_2.11[0;1m ---[m
[[1;34mINFO[m] Using zinc server for incremental compilation
[0m[[0minfo[0m] [0mCompile success at Oct 16, 2019 7:53:51 AM [0.522s][0m
[[1;34mINFO[m] 
[[1;34mINFO[m] [1m--- [0;32mmaven-antrun-plugin:1.8:run[m [1m(create-tmp-dir)[m @ [36mspark-kvstore_2.11[0;1m ---[m
[[1;34mINFO[m] Executing tasks

main:
[[1;34mINFO[m] Executed tasks
[[1;34mINFO[m] 
[[1;34mINFO[m] [1m--- [0;32mmaven-resources-plugin:2.7:testResources[m [1m(default-testResources)[m @ [36mspark-kvstore_2.11[0;1m ---[m
[[1;34mINFO[m] Using 'UTF-8' encoding to copy filtered resources.
[[1;34mINFO[m] Copying 1 resource
[[1;34mINFO[m] Copying 3 resources
[[1;34mINFO[m] 
[[1;34mINFO[m] [1m--- [0;32mmaven-compiler-plugin:3.7.0:testCompile[m [1m(default-testCompile)[m @ [36mspark-kvstore_2.11[0;1m ---[m
[[1;34mINFO[m] Not compiling test sources
[[1;34mINFO[m] 
[[1;34mINFO[m] [1m--- [0;32mmaven-dependency-plugin:3.0.2:build-classpath[m [1m(generate-test-classpath)[m @ [36mspark-kvstore_2.11[0;1m ---[m
[[1;34mINFO[m] Dependencies classpath:
/home/test/.m2/repository/org/slf4j/slf4j-log4j12/1.7.16/slf4j-log4j12-1.7.16.jar:/home/test/.m2/repository/org/scala-lang/modules/scala-xml_2.11/1.0.5/scala-xml_2.11-1.0.5.jar:/home/test/.m2/repository/org/scalatest/scalatest_2.11/3.0.3/scalatest_2.11-3.0.3.jar:/home/test/.m2/repository/com/fasterxml/jackson/core/jackson-annotations/2.6.7/jackson-annotations-2.6.7.jar:/home/test/.m2/repository/org/spark-project/spark/unused/1.0.0/unused-1.0.0.jar:/home/test/.m2/repository/org/scala-sbt/test-interface/1.0/test-interface-1.0.jar:/home/test/.m2/repository/log4j/log4j/1.2.17/log4j-1.2.17.jar:/home/test/.m2/repository/com/novocode/junit-interface/0.11/junit-interface-0.11.jar:/home/test/.m2/repository/commons-io/commons-io/2.4/commons-io-2.4.jar:/home/test/.m2/repository/org/scala-lang/scala-reflect/2.11.12/scala-reflect-2.11.12.jar:/home/test/.m2/repository/com/fasterxml/jackson/core/jackson-databind/2.6.7.1/jackson-databind-2.6.7.1.jar:/home/test/.m2/repository/org/hamcrest/hamcrest-core/1.3/hamcrest-core-1.3.jar:/home/test/.m2/repository/org/scala-lang/scala-library/2.11.12/scala-library-2.11.12.jar:/home/test/.m2/repository/com/fasterxml/jackson/core/jackson-core/2.6.7/jackson-core-2.6.7.jar:/home/test/.m2/repository/org/scalactic/scalactic_2.11/3.0.3/scalactic_2.11-3.0.3.jar:/home/test/.m2/repository/org/scala-lang/modules/scala-parser-combinators_2.11/1.1.0/scala-parser-combinators_2.11-1.1.0.jar:/home/test/.m2/repository/junit/junit/4.12/junit-4.12.jar:/home/test/spark/common/tags/target/scala-2.11/test-classes:/home/test/spark/common/tags/target/scala-2.11/classes:/home/test/.m2/repository/io/dropwizard/metrics/metrics-core/3.1.5/metrics-core-3.1.5.jar:/home/test/.m2/repository/org/fusesource/leveldbjni/leveldbjni-all/1.8/leveldbjni-all-1.8.jar:/home/test/.m2/repository/org/slf4j/slf4j-api/1.7.16/slf4j-api-1.7.16.jar:/home/test/.m2/repository/com/google/guava/guava/14.0.1/guava-14.0.1.jar
[[1;34mINFO[m] 
[[1;34mINFO[m] [1m--- [0;32mscala-maven-plugin:3.2.2:testCompile[m [1m(scala-test-compile-first)[m @ [36mspark-kvstore_2.11[0;1m ---[m
[[1;34mINFO[m] Using zinc server for incremental compilation
[0m[[0minfo[0m] [0mCompile success at Oct 16, 2019 7:53:51 AM [0.275s][0m
[[1;34mINFO[m] 
[[1;34mINFO[m] [1m--- [0;32mmaven-surefire-plugin:2.22.0:test[m [1m(default-test)[m @ [36mspark-kvstore_2.11[0;1m ---[m
[[1;34mINFO[m] 
[[1;34mINFO[m] [1m--- [0;32mmaven-surefire-plugin:2.22.0:test[m [1m(test)[m @ [36mspark-kvstore_2.11[0;1m ---[m
[[1;34mINFO[m] Skipping execution of surefire because it has already been run for this configuration
[[1;34mINFO[m] 
[[1;34mINFO[m] [1m--- [0;32mscalatest-maven-plugin:1.0:test[m [1m(test)[m @ [36mspark-kvstore_2.11[0;1m ---[m
[36mDiscovery starting.[0m
[36mDiscovery completed in 241 milliseconds.[0m
[36mRun starting. Expected test count is: 0[0m
[32mDiscoverySuite:[0m
[36mRun completed in 285 milliseconds.[0m
[36mTotal number of tests run: 0[0m
[36mSuites: completed 1, aborted 0[0m
[36mTests: succeeded 0, failed 0, canceled 0, ignored 0, pending 0[0m
[33mNo tests were executed.[0m
[[1;34mINFO[m] 
[[1;34mINFO[m] [1m-------------< [0;36morg.apache.spark:spark-network-common_2.11[0;1m >-------------[m
[[1;34mINFO[m] [1mBuilding Spark Project Networking 2.4.4                           [5/24][m
[[1;34mINFO[m] [1m--------------------------------[ jar ]---------------------------------[m
[[1;34mINFO[m] 
[[1;34mINFO[m] [1m--- [0;32mmaven-enforcer-plugin:3.0.0-M1:enforce[m [1m(enforce-versions)[m @ [36mspark-network-common_2.11[0;1m ---[m
[[1;34mINFO[m] 
[[1;34mINFO[m] [1m--- [0;32mscala-maven-plugin:3.2.2:add-source[m [1m(eclipse-add-source)[m @ [36mspark-network-common_2.11[0;1m ---[m
[[1;34mINFO[m] Add Source directory: /home/test/spark/common/network-common/src/main/scala
[[1;34mINFO[m] Add Test Source directory: /home/test/spark/common/network-common/src/test/scala
[[1;34mINFO[m] 
[[1;34mINFO[m] [1m--- [0;32mmaven-dependency-plugin:3.0.2:build-classpath[m [1m(default-cli)[m @ [36mspark-network-common_2.11[0;1m ---[m
[[1;34mINFO[m] Dependencies classpath:
/home/test/.m2/repository/org/apache/commons/commons-crypto/1.0.0/commons-crypto-1.0.0.jar:/home/test/.m2/repository/com/fasterxml/jackson/core/jackson-annotations/2.6.7/jackson-annotations-2.6.7.jar:/home/test/.m2/repository/org/spark-project/spark/unused/1.0.0/unused-1.0.0.jar:/home/test/.m2/repository/io/dropwizard/metrics/metrics-core/3.1.5/metrics-core-3.1.5.jar:/home/test/.m2/repository/com/google/code/findbugs/jsr305/1.3.9/jsr305-1.3.9.jar:/home/test/.m2/repository/com/fasterxml/jackson/core/jackson-databind/2.6.7.1/jackson-databind-2.6.7.1.jar:/home/test/.m2/repository/com/fasterxml/jackson/core/jackson-core/2.6.7/jackson-core-2.6.7.jar:/home/test/.m2/repository/org/fusesource/leveldbjni/leveldbjni-all/1.8/leveldbjni-all-1.8.jar:/home/test/.m2/repository/io/netty/netty-all/4.1.17.Final/netty-all-4.1.17.Final.jar:/home/test/.m2/repository/org/apache/commons/commons-lang3/3.5/commons-lang3-3.5.jar:/home/test/.m2/repository/com/google/guava/guava/14.0.1/guava-14.0.1.jar
[[1;34mINFO[m] 
[[1;34mINFO[m] [1m--- [0;32mmaven-remote-resources-plugin:1.5:process[m [1m(process-resource-bundles)[m @ [36mspark-network-common_2.11[0;1m ---[m
[[1;34mINFO[m] 
[[1;34mINFO[m] [1m--- [0;32mmaven-resources-plugin:2.7:resources[m [1m(default-resources)[m @ [36mspark-network-common_2.11[0;1m ---[m
[[1;34mINFO[m] Using 'UTF-8' encoding to copy filtered resources.
[[1;34mINFO[m] skip non existing resourceDirectory /home/test/spark/common/network-common/src/main/resources
[[1;34mINFO[m] Copying 3 resources
[[1;34mINFO[m] 
[[1;34mINFO[m] [1m--- [0;32mmaven-compiler-plugin:3.7.0:compile[m [1m(default-compile)[m @ [36mspark-network-common_2.11[0;1m ---[m
[[1;34mINFO[m] Not compiling main sources
[[1;34mINFO[m] 
[[1;34mINFO[m] [1m--- [0;32mscala-maven-plugin:3.2.2:compile[m [1m(scala-compile-first)[m @ [36mspark-network-common_2.11[0;1m ---[m
[[1;34mINFO[m] Using zinc server for incremental compilation
[0m[[0minfo[0m] [0mCompile success at Oct 16, 2019 7:54:02 AM [0.400s][0m
[[1;34mINFO[m] 
[[1;34mINFO[m] [1m--- [0;32mmaven-antrun-plugin:1.8:run[m [1m(create-tmp-dir)[m @ [36mspark-network-common_2.11[0;1m ---[m
[[1;34mINFO[m] Executing tasks

main:
[[1;34mINFO[m] Executed tasks
[[1;34mINFO[m] 
[[1;34mINFO[m] [1m--- [0;32mmaven-resources-plugin:2.7:testResources[m [1m(default-testResources)[m @ [36mspark-network-common_2.11[0;1m ---[m
[[1;34mINFO[m] Using 'UTF-8' encoding to copy filtered resources.
[[1;34mINFO[m] Copying 1 resource
[[1;34mINFO[m] Copying 3 resources
[[1;34mINFO[m] 
[[1;34mINFO[m] [1m--- [0;32mmaven-compiler-plugin:3.7.0:testCompile[m [1m(default-testCompile)[m @ [36mspark-network-common_2.11[0;1m ---[m
[[1;34mINFO[m] Not compiling test sources
[[1;34mINFO[m] 
[[1;34mINFO[m] [1m--- [0;32mmaven-dependency-plugin:3.0.2:build-classpath[m [1m(generate-test-classpath)[m @ [36mspark-network-common_2.11[0;1m ---[m
[[1;34mINFO[m] Dependencies classpath:
/home/test/.m2/repository/org/scala-lang/modules/scala-xml_2.11/1.0.5/scala-xml_2.11-1.0.5.jar:/home/test/.m2/repository/org/scalatest/scalatest_2.11/3.0.3/scalatest_2.11-3.0.3.jar:/home/test/.m2/repository/com/fasterxml/jackson/core/jackson-annotations/2.6.7/jackson-annotations-2.6.7.jar:/home/test/.m2/repository/com/google/code/findbugs/jsr305/1.3.9/jsr305-1.3.9.jar:/home/test/.m2/repository/log4j/log4j/1.2.17/log4j-1.2.17.jar:/home/test/.m2/repository/com/novocode/junit-interface/0.11/junit-interface-0.11.jar:/home/test/.m2/repository/org/scala-lang/scala-library/2.11.12/scala-library-2.11.12.jar:/home/test/.m2/repository/org/scalactic/scalactic_2.11/3.0.3/scalactic_2.11-3.0.3.jar:/home/test/spark/common/tags/target/scala-2.11/test-classes:/home/test/.m2/repository/org/mockito/mockito-core/1.10.19/mockito-core-1.10.19.jar:/home/test/.m2/repository/io/dropwizard/metrics/metrics-core/3.1.5/metrics-core-3.1.5.jar:/home/test/.m2/repository/org/fusesource/leveldbjni/leveldbjni-all/1.8/leveldbjni-all-1.8.jar:/home/test/.m2/repository/org/slf4j/slf4j-api/1.7.16/slf4j-api-1.7.16.jar:/home/test/.m2/repository/com/google/guava/guava/14.0.1/guava-14.0.1.jar:/home/test/.m2/repository/org/objenesis/objenesis/2.1/objenesis-2.1.jar:/home/test/.m2/repository/org/slf4j/slf4j-log4j12/1.7.16/slf4j-log4j12-1.7.16.jar:/home/test/.m2/repository/org/apache/commons/commons-crypto/1.0.0/commons-crypto-1.0.0.jar:/home/test/.m2/repository/org/spark-project/spark/unused/1.0.0/unused-1.0.0.jar:/home/test/.m2/repository/org/scala-sbt/test-interface/1.0/test-interface-1.0.jar:/home/test/.m2/repository/org/scala-lang/scala-reflect/2.11.12/scala-reflect-2.11.12.jar:/home/test/.m2/repository/com/fasterxml/jackson/core/jackson-databind/2.6.7.1/jackson-databind-2.6.7.1.jar:/home/test/.m2/repository/org/hamcrest/hamcrest-core/1.3/hamcrest-core-1.3.jar:/home/test/.m2/repository/com/fasterxml/jackson/core/jackson-core/2.6.7/jackson-core-2.6.7.jar:/home/test/.m2/repository/org/apache/commons/commons-lang3/3.5/commons-lang3-3.5.jar:/home/test/.m2/repository/org/scala-lang/modules/scala-parser-combinators_2.11/1.1.0/scala-parser-combinators_2.11-1.1.0.jar:/home/test/.m2/repository/junit/junit/4.12/junit-4.12.jar:/home/test/spark/common/tags/target/scala-2.11/classes:/home/test/.m2/repository/io/netty/netty-all/4.1.17.Final/netty-all-4.1.17.Final.jar
[[1;34mINFO[m] 
[[1;34mINFO[m] [1m--- [0;32mscala-maven-plugin:3.2.2:testCompile[m [1m(scala-test-compile-first)[m @ [36mspark-network-common_2.11[0;1m ---[m
[[1;34mINFO[m] Using zinc server for incremental compilation
[0m[[0minfo[0m] [0mCompile success at Oct 16, 2019 7:54:02 AM [0.355s][0m
[[1;34mINFO[m] 
[[1;34mINFO[m] [1m--- [0;32mmaven-jar-plugin:3.0.2:test-jar[m [1m(prepare-test-jar)[m @ [36mspark-network-common_2.11[0;1m ---[m
[[1;34mINFO[m] Building jar: /home/test/spark/common/network-common/target/spark-network-common_2.11-2.4.4-tests.jar
[[1;34mINFO[m] 
[[1;34mINFO[m] [1m--- [0;32mmaven-surefire-plugin:2.22.0:test[m [1m(default-test)[m @ [36mspark-network-common_2.11[0;1m ---[m
[[1;34mINFO[m] 
[[1;34mINFO[m] [1m--- [0;32mmaven-surefire-plugin:2.22.0:test[m [1m(test)[m @ [36mspark-network-common_2.11[0;1m ---[m
[[1;34mINFO[m] Skipping execution of surefire because it has already been run for this configuration
[[1;34mINFO[m] 
[[1;34mINFO[m] [1m--- [0;32mscalatest-maven-plugin:1.0:test[m [1m(test)[m @ [36mspark-network-common_2.11[0;1m ---[m
[36mDiscovery starting.[0m
[36mDiscovery completed in 347 milliseconds.[0m
[36mRun starting. Expected test count is: 0[0m
[32mDiscoverySuite:[0m
[36mRun completed in 453 milliseconds.[0m
[36mTotal number of tests run: 0[0m
[36mSuites: completed 1, aborted 0[0m
[36mTests: succeeded 0, failed 0, canceled 0, ignored 0, pending 0[0m
[33mNo tests were executed.[0m
[[1;34mINFO[m] 
[[1;34mINFO[m] [1m------------< [0;36morg.apache.spark:spark-network-shuffle_2.11[0;1m >-------------[m
[[1;34mINFO[m] [1mBuilding Spark Project Shuffle Streaming Service 2.4.4            [6/24][m
[[1;34mINFO[m] [1m--------------------------------[ jar ]---------------------------------[m
[[1;34mINFO[m] 
[[1;34mINFO[m] [1m--- [0;32mmaven-enforcer-plugin:3.0.0-M1:enforce[m [1m(enforce-versions)[m @ [36mspark-network-shuffle_2.11[0;1m ---[m
[[1;34mINFO[m] 
[[1;34mINFO[m] [1m--- [0;32mscala-maven-plugin:3.2.2:add-source[m [1m(eclipse-add-source)[m @ [36mspark-network-shuffle_2.11[0;1m ---[m
[[1;34mINFO[m] Add Source directory: /home/test/spark/common/network-shuffle/src/main/scala
[[1;34mINFO[m] Add Test Source directory: /home/test/spark/common/network-shuffle/src/test/scala
[[1;34mINFO[m] 
[[1;34mINFO[m] [1m--- [0;32mmaven-dependency-plugin:3.0.2:build-classpath[m [1m(default-cli)[m @ [36mspark-network-shuffle_2.11[0;1m ---[m
[[1;34mINFO[m] Dependencies classpath:
/home/test/.m2/repository/org/apache/commons/commons-crypto/1.0.0/commons-crypto-1.0.0.jar:/home/test/.m2/repository/com/fasterxml/jackson/core/jackson-annotations/2.6.7/jackson-annotations-2.6.7.jar:/home/test/spark/common/network-common/target/scala-2.11/classes:/home/test/.m2/repository/org/spark-project/spark/unused/1.0.0/unused-1.0.0.jar:/home/test/.m2/repository/io/dropwizard/metrics/metrics-core/3.1.5/metrics-core-3.1.5.jar:/home/test/.m2/repository/com/google/code/findbugs/jsr305/1.3.9/jsr305-1.3.9.jar:/home/test/.m2/repository/com/fasterxml/jackson/core/jackson-databind/2.6.7.1/jackson-databind-2.6.7.1.jar:/home/test/.m2/repository/com/fasterxml/jackson/core/jackson-core/2.6.7/jackson-core-2.6.7.jar:/home/test/.m2/repository/org/fusesource/leveldbjni/leveldbjni-all/1.8/leveldbjni-all-1.8.jar:/home/test/.m2/repository/io/netty/netty-all/4.1.17.Final/netty-all-4.1.17.Final.jar:/home/test/.m2/repository/org/apache/commons/commons-lang3/3.5/commons-lang3-3.5.jar
[[1;34mINFO[m] 
[[1;34mINFO[m] [1m--- [0;32mmaven-remote-resources-plugin:1.5:process[m [1m(process-resource-bundles)[m @ [36mspark-network-shuffle_2.11[0;1m ---[m
[[1;34mINFO[m] 
[[1;34mINFO[m] [1m--- [0;32mmaven-resources-plugin:2.7:resources[m [1m(default-resources)[m @ [36mspark-network-shuffle_2.11[0;1m ---[m
[[1;34mINFO[m] Using 'UTF-8' encoding to copy filtered resources.
[[1;34mINFO[m] skip non existing resourceDirectory /home/test/spark/common/network-shuffle/src/main/resources
[[1;34mINFO[m] Copying 3 resources
[[1;34mINFO[m] 
[[1;34mINFO[m] [1m--- [0;32mmaven-compiler-plugin:3.7.0:compile[m [1m(default-compile)[m @ [36mspark-network-shuffle_2.11[0;1m ---[m
[[1;34mINFO[m] Not compiling main sources
[[1;34mINFO[m] 
[[1;34mINFO[m] [1m--- [0;32mscala-maven-plugin:3.2.2:compile[m [1m(scala-compile-first)[m @ [36mspark-network-shuffle_2.11[0;1m ---[m
[[1;34mINFO[m] Using zinc server for incremental compilation
[0m[[0minfo[0m] [0mCompile success at Oct 16, 2019 7:54:07 AM [0.230s][0m
[[1;34mINFO[m] 
[[1;34mINFO[m] [1m--- [0;32mmaven-antrun-plugin:1.8:run[m [1m(create-tmp-dir)[m @ [36mspark-network-shuffle_2.11[0;1m ---[m
[[1;34mINFO[m] Executing tasks

main:
[[1;34mINFO[m] Executed tasks
[[1;34mINFO[m] 
[[1;34mINFO[m] [1m--- [0;32mmaven-resources-plugin:2.7:testResources[m [1m(default-testResources)[m @ [36mspark-network-shuffle_2.11[0;1m ---[m
[[1;34mINFO[m] Using 'UTF-8' encoding to copy filtered resources.
[[1;34mINFO[m] Copying 1 resource
[[1;34mINFO[m] Copying 3 resources
[[1;34mINFO[m] 
[[1;34mINFO[m] [1m--- [0;32mmaven-compiler-plugin:3.7.0:testCompile[m [1m(default-testCompile)[m @ [36mspark-network-shuffle_2.11[0;1m ---[m
[[1;34mINFO[m] Not compiling test sources
[[1;34mINFO[m] 
[[1;34mINFO[m] [1m--- [0;32mmaven-dependency-plugin:3.0.2:build-classpath[m [1m(generate-test-classpath)[m @ [36mspark-network-shuffle_2.11[0;1m ---[m
[[1;34mINFO[m] Dependencies classpath:
/home/test/.m2/repository/org/scala-lang/modules/scala-xml_2.11/1.0.5/scala-xml_2.11-1.0.5.jar:/home/test/.m2/repository/org/scalatest/scalatest_2.11/3.0.3/scalatest_2.11-3.0.3.jar:/home/test/.m2/repository/com/fasterxml/jackson/core/jackson-annotations/2.6.7/jackson-annotations-2.6.7.jar:/home/test/.m2/repository/com/google/code/findbugs/jsr305/1.3.9/jsr305-1.3.9.jar:/home/test/.m2/repository/log4j/log4j/1.2.17/log4j-1.2.17.jar:/home/test/.m2/repository/com/novocode/junit-interface/0.11/junit-interface-0.11.jar:/home/test/.m2/repository/org/scala-lang/scala-library/2.11.12/scala-library-2.11.12.jar:/home/test/.m2/repository/org/scalactic/scalactic_2.11/3.0.3/scalactic_2.11-3.0.3.jar:/home/test/spark/common/tags/target/scala-2.11/test-classes:/home/test/.m2/repository/org/mockito/mockito-core/1.10.19/mockito-core-1.10.19.jar:/home/test/.m2/repository/io/dropwizard/metrics/metrics-core/3.1.5/metrics-core-3.1.5.jar:/home/test/spark/common/network-common/target/spark-network-common_2.11-2.4.4-tests.jar:/home/test/.m2/repository/org/fusesource/leveldbjni/leveldbjni-all/1.8/leveldbjni-all-1.8.jar:/home/test/.m2/repository/org/slf4j/slf4j-api/1.7.16/slf4j-api-1.7.16.jar:/home/test/.m2/repository/com/google/guava/guava/14.0.1/guava-14.0.1.jar:/home/test/.m2/repository/org/objenesis/objenesis/2.1/objenesis-2.1.jar:/home/test/.m2/repository/org/apache/commons/commons-crypto/1.0.0/commons-crypto-1.0.0.jar:/home/test/.m2/repository/org/spark-project/spark/unused/1.0.0/unused-1.0.0.jar:/home/test/.m2/repository/org/scala-sbt/test-interface/1.0/test-interface-1.0.jar:/home/test/.m2/repository/org/scala-lang/scala-reflect/2.11.12/scala-reflect-2.11.12.jar:/home/test/.m2/repository/com/fasterxml/jackson/core/jackson-databind/2.6.7.1/jackson-databind-2.6.7.1.jar:/home/test/.m2/repository/org/hamcrest/hamcrest-core/1.3/hamcrest-core-1.3.jar:/home/test/.m2/repository/com/fasterxml/jackson/core/jackson-core/2.6.7/jackson-core-2.6.7.jar:/home/test/.m2/repository/org/apache/commons/commons-lang3/3.5/commons-lang3-3.5.jar:/home/test/.m2/repository/org/scala-lang/modules/scala-parser-combinators_2.11/1.1.0/scala-parser-combinators_2.11-1.1.0.jar:/home/test/.m2/repository/junit/junit/4.12/junit-4.12.jar:/home/test/spark/common/tags/target/scala-2.11/classes:/home/test/spark/common/network-common/target/scala-2.11/classes:/home/test/.m2/repository/io/netty/netty-all/4.1.17.Final/netty-all-4.1.17.Final.jar
[[1;34mINFO[m] 
[[1;34mINFO[m] [1m--- [0;32mscala-maven-plugin:3.2.2:testCompile[m [1m(scala-test-compile-first)[m @ [36mspark-network-shuffle_2.11[0;1m ---[m
[[1;34mINFO[m] Using zinc server for incremental compilation
[0m[[0minfo[0m] [0mCompile success at Oct 16, 2019 7:54:07 AM [0.229s][0m
[[1;34mINFO[m] 
[[1;34mINFO[m] [1m--- [0;32mmaven-surefire-plugin:2.22.0:test[m [1m(default-test)[m @ [36mspark-network-shuffle_2.11[0;1m ---[m
[[1;34mINFO[m] 
[[1;34mINFO[m] [1m--- [0;32mmaven-surefire-plugin:2.22.0:test[m [1m(test)[m @ [36mspark-network-shuffle_2.11[0;1m ---[m
[[1;34mINFO[m] Skipping execution of surefire because it has already been run for this configuration
[[1;34mINFO[m] 
[[1;34mINFO[m] [1m--- [0;32mscalatest-maven-plugin:1.0:test[m [1m(test)[m @ [36mspark-network-shuffle_2.11[0;1m ---[m
[36mDiscovery starting.[0m
[36mDiscovery completed in 194 milliseconds.[0m
[36mRun starting. Expected test count is: 0[0m
[32mDiscoverySuite:[0m
[36mRun completed in 246 milliseconds.[0m
[36mTotal number of tests run: 0[0m
[36mSuites: completed 1, aborted 0[0m
[36mTests: succeeded 0, failed 0, canceled 0, ignored 0, pending 0[0m
[33mNo tests were executed.[0m
[[1;34mINFO[m] 
[[1;34mINFO[m] [1m-----------------< [0;36morg.apache.spark:spark-unsafe_2.11[0;1m >-----------------[m
[[1;34mINFO[m] [1mBuilding Spark Project Unsafe 2.4.4                               [7/24][m
[[1;34mINFO[m] [1m--------------------------------[ jar ]---------------------------------[m
[[1;34mINFO[m] 
[[1;34mINFO[m] [1m--- [0;32mmaven-enforcer-plugin:3.0.0-M1:enforce[m [1m(enforce-versions)[m @ [36mspark-unsafe_2.11[0;1m ---[m
[[1;34mINFO[m] 
[[1;34mINFO[m] [1m--- [0;32mscala-maven-plugin:3.2.2:add-source[m [1m(eclipse-add-source)[m @ [36mspark-unsafe_2.11[0;1m ---[m
[[1;34mINFO[m] Add Source directory: /home/test/spark/common/unsafe/src/main/scala
[[1;34mINFO[m] Add Test Source directory: /home/test/spark/common/unsafe/src/test/scala
[[1;34mINFO[m] 
[[1;34mINFO[m] [1m--- [0;32mmaven-dependency-plugin:3.0.2:build-classpath[m [1m(default-cli)[m @ [36mspark-unsafe_2.11[0;1m ---[m
[[1;34mINFO[m] Dependencies classpath:
/home/test/.m2/repository/com/twitter/chill_2.11/0.9.3/chill_2.11-0.9.3.jar:/home/test/.m2/repository/com/esotericsoftware/kryo-shaded/4.0.2/kryo-shaded-4.0.2.jar:/home/test/.m2/repository/com/esotericsoftware/minlog/1.3.0/minlog-1.3.0.jar:/home/test/spark/common/tags/target/scala-2.11/classes:/home/test/.m2/repository/org/spark-project/spark/unused/1.0.0/unused-1.0.0.jar:/home/test/.m2/repository/com/twitter/chill-java/0.9.3/chill-java-0.9.3.jar:/home/test/.m2/repository/com/google/code/findbugs/jsr305/1.3.9/jsr305-1.3.9.jar:/home/test/.m2/repository/org/scala-lang/scala-library/2.11.12/scala-library-2.11.12.jar:/home/test/.m2/repository/org/objenesis/objenesis/2.1/objenesis-2.1.jar
[[1;34mINFO[m] 
[[1;34mINFO[m] [1m--- [0;32mmaven-remote-resources-plugin:1.5:process[m [1m(process-resource-bundles)[m @ [36mspark-unsafe_2.11[0;1m ---[m
[[1;34mINFO[m] 
[[1;34mINFO[m] [1m--- [0;32mmaven-resources-plugin:2.7:resources[m [1m(default-resources)[m @ [36mspark-unsafe_2.11[0;1m ---[m
[[1;34mINFO[m] Using 'UTF-8' encoding to copy filtered resources.
[[1;34mINFO[m] skip non existing resourceDirectory /home/test/spark/common/unsafe/src/main/resources
[[1;34mINFO[m] Copying 3 resources
[[1;34mINFO[m] 
[[1;34mINFO[m] [1m--- [0;32mmaven-compiler-plugin:3.7.0:compile[m [1m(default-compile)[m @ [36mspark-unsafe_2.11[0;1m ---[m
[[1;34mINFO[m] Not compiling main sources
[[1;34mINFO[m] 
[[1;34mINFO[m] [1m--- [0;32mscala-maven-plugin:3.2.2:compile[m [1m(scala-compile-first)[m @ [36mspark-unsafe_2.11[0;1m ---[m
[[1;34mINFO[m] Using zinc server for incremental compilation
[0m[[0minfo[0m] [0mCompile success at Oct 16, 2019 7:54:16 AM [0.107s][0m
[[1;34mINFO[m] 
[[1;34mINFO[m] [1m--- [0;32mmaven-antrun-plugin:1.8:run[m [1m(create-tmp-dir)[m @ [36mspark-unsafe_2.11[0;1m ---[m
[[1;34mINFO[m] Executing tasks

main:
[[1;34mINFO[m] Executed tasks
[[1;34mINFO[m] 
[[1;34mINFO[m] [1m--- [0;32mmaven-resources-plugin:2.7:testResources[m [1m(default-testResources)[m @ [36mspark-unsafe_2.11[0;1m ---[m
[[1;34mINFO[m] Using 'UTF-8' encoding to copy filtered resources.
[[1;34mINFO[m] skip non existing resourceDirectory /home/test/spark/common/unsafe/src/test/resources
[[1;34mINFO[m] Copying 3 resources
[[1;34mINFO[m] 
[[1;34mINFO[m] [1m--- [0;32mmaven-compiler-plugin:3.7.0:testCompile[m [1m(default-testCompile)[m @ [36mspark-unsafe_2.11[0;1m ---[m
[[1;34mINFO[m] Not compiling test sources
[[1;34mINFO[m] 
[[1;34mINFO[m] [1m--- [0;32mmaven-dependency-plugin:3.0.2:build-classpath[m [1m(generate-test-classpath)[m @ [36mspark-unsafe_2.11[0;1m ---[m
[[1;34mINFO[m] Dependencies classpath:
/home/test/.m2/repository/org/scala-lang/modules/scala-xml_2.11/1.0.5/scala-xml_2.11-1.0.5.jar:/home/test/.m2/repository/org/scalatest/scalatest_2.11/3.0.3/scalatest_2.11-3.0.3.jar:/home/test/.m2/repository/org/spark-project/spark/unused/1.0.0/unused-1.0.0.jar:/home/test/.m2/repository/com/twitter/chill-java/0.9.3/chill-java-0.9.3.jar:/home/test/.m2/repository/org/scala-sbt/test-interface/1.0/test-interface-1.0.jar:/home/test/.m2/repository/com/google/code/findbugs/jsr305/1.3.9/jsr305-1.3.9.jar:/home/test/.m2/repository/com/novocode/junit-interface/0.11/junit-interface-0.11.jar:/home/test/.m2/repository/org/scala-lang/scala-reflect/2.11.12/scala-reflect-2.11.12.jar:/home/test/.m2/repository/org/hamcrest/hamcrest-core/1.3/hamcrest-core-1.3.jar:/home/test/.m2/repository/org/scala-lang/scala-library/2.11.12/scala-library-2.11.12.jar:/home/test/.m2/repository/org/scalactic/scalactic_2.11/3.0.3/scalactic_2.11-3.0.3.jar:/home/test/.m2/repository/org/apache/commons/commons-lang3/3.5/commons-lang3-3.5.jar:/home/test/.m2/repository/org/scala-lang/modules/scala-parser-combinators_2.11/1.1.0/scala-parser-combinators_2.11-1.1.0.jar:/home/test/.m2/repository/junit/junit/4.12/junit-4.12.jar:/home/test/spark/common/tags/target/scala-2.11/test-classes:/home/test/.m2/repository/com/twitter/chill_2.11/0.9.3/chill_2.11-0.9.3.jar:/home/test/.m2/repository/com/esotericsoftware/kryo-shaded/4.0.2/kryo-shaded-4.0.2.jar:/home/test/.m2/repository/com/esotericsoftware/minlog/1.3.0/minlog-1.3.0.jar:/home/test/.m2/repository/org/mockito/mockito-core/1.10.19/mockito-core-1.10.19.jar:/home/test/spark/common/tags/target/scala-2.11/classes:/home/test/.m2/repository/org/scalacheck/scalacheck_2.11/1.13.5/scalacheck_2.11-1.13.5.jar:/home/test/.m2/repository/org/slf4j/slf4j-api/1.7.16/slf4j-api-1.7.16.jar:/home/test/.m2/repository/com/google/guava/guava/14.0.1/guava-14.0.1.jar:/home/test/.m2/repository/org/objenesis/objenesis/2.1/objenesis-2.1.jar
[[1;34mINFO[m] 
[[1;34mINFO[m] [1m--- [0;32mscala-maven-plugin:3.2.2:testCompile[m [1m(scala-test-compile-first)[m @ [36mspark-unsafe_2.11[0;1m ---[m
[[1;34mINFO[m] Using zinc server for incremental compilation
[0m[[0minfo[0m] [0mCompile success at Oct 16, 2019 7:54:16 AM [0.157s][0m
[[1;34mINFO[m] 
[[1;34mINFO[m] [1m--- [0;32mmaven-surefire-plugin:2.22.0:test[m [1m(default-test)[m @ [36mspark-unsafe_2.11[0;1m ---[m
[[1;34mINFO[m] 
[[1;34mINFO[m] [1m--- [0;32mmaven-surefire-plugin:2.22.0:test[m [1m(test)[m @ [36mspark-unsafe_2.11[0;1m ---[m
[[1;34mINFO[m] Skipping execution of surefire because it has already been run for this configuration
[[1;34mINFO[m] 
[[1;34mINFO[m] [1m--- [0;32mscalatest-maven-plugin:1.0:test[m [1m(test)[m @ [36mspark-unsafe_2.11[0;1m ---[m
[36mDiscovery starting.[0m
[36mDiscovery completed in 346 milliseconds.[0m
[36mRun starting. Expected test count is: 19[0m
[32mUTF8StringPropertyCheckSuite:[0m
[32m- toString[0m
[32m- numChars[0m
[32m- startsWith[0m
[32m- endsWith[0m
[32m- toUpperCase[0m
[32m- toLowerCase[0m
[32m- compare[0m
[32m- substring[0m
[32m- contains[0m
[32m- trim, trimLeft, trimRight[0m
[32m- reverse[0m
[32m- indexOf[0m
[32m- repeat[0m
[32m- lpad, rpad[0m
[32m- concat[0m
[32m- concatWs[0m
[33m- split !!! IGNORED !!![0m
[32m- levenshteinDistance[0m
[32m- hashCode[0m
[32m- equals[0m
[36mRun completed in 1 second, 159 milliseconds.[0m
[36mTotal number of tests run: 19[0m
[36mSuites: completed 2, aborted 0[0m
[36mTests: succeeded 19, failed 0, canceled 0, ignored 1, pending 0[0m
[32mAll tests passed.[0m
[[1;34mINFO[m] 
[[1;34mINFO[m] [1m----------------< [0;36morg.apache.spark:spark-launcher_2.11[0;1m >----------------[m
[[1;34mINFO[m] [1mBuilding Spark Project Launcher 2.4.4                             [8/24][m
[[1;34mINFO[m] [1m--------------------------------[ jar ]---------------------------------[m
[[1;34mINFO[m] 
[[1;34mINFO[m] [1m--- [0;32mmaven-enforcer-plugin:3.0.0-M1:enforce[m [1m(enforce-versions)[m @ [36mspark-launcher_2.11[0;1m ---[m
[[1;34mINFO[m] 
[[1;34mINFO[m] [1m--- [0;32mscala-maven-plugin:3.2.2:add-source[m [1m(eclipse-add-source)[m @ [36mspark-launcher_2.11[0;1m ---[m
[[1;34mINFO[m] Add Source directory: /home/test/spark/launcher/src/main/scala
[[1;34mINFO[m] Add Test Source directory: /home/test/spark/launcher/src/test/scala
[[1;34mINFO[m] 
[[1;34mINFO[m] [1m--- [0;32mmaven-dependency-plugin:3.0.2:build-classpath[m [1m(default-cli)[m @ [36mspark-launcher_2.11[0;1m ---[m
[[1;34mINFO[m] Dependencies classpath:
/home/test/.m2/repository/org/apache/curator/curator-client/2.6.0/curator-client-2.6.0.jar:/home/test/.m2/repository/com/google/protobuf/protobuf-java/2.5.0/protobuf-java-2.5.0.jar:/home/test/.m2/repository/org/scala-lang/scala-library/2.11.12/scala-library-2.11.12.jar:/home/test/.m2/repository/javax/xml/bind/jaxb-api/2.2.2/jaxb-api-2.2.2.jar:/home/test/.m2/repository/com/thoughtworks/paranamer/paranamer/2.8/paranamer-2.8.jar:/home/test/.m2/repository/commons-lang/commons-lang/2.6/commons-lang-2.6.jar:/home/test/.m2/repository/org/apache/commons/commons-compress/1.4.1/commons-compress-1.4.1.jar:/home/test/.m2/repository/org/apache/curator/curator-recipes/2.6.0/curator-recipes-2.6.0.jar:/home/test/.m2/repository/org/apache/zookeeper/zookeeper/3.4.6/zookeeper-3.4.6.jar:/home/test/.m2/repository/javax/activation/activation/1.1.1/activation-1.1.1.jar:/home/test/.m2/repository/commons-cli/commons-cli/1.2/commons-cli-1.2.jar:/home/test/.m2/repository/commons-codec/commons-codec/1.10/commons-codec-1.10.jar:/home/test/.m2/repository/org/tukaani/xz/1.5/xz-1.5.jar:/home/test/.m2/repository/org/mortbay/jetty/jetty-util/6.1.26/jetty-util-6.1.26.jar:/home/test/.m2/repository/org/apache/hadoop/hadoop-yarn-api/2.6.5/hadoop-yarn-api-2.6.5.jar:/home/test/.m2/repository/org/spark-project/spark/unused/1.0.0/unused-1.0.0.jar:/home/test/.m2/repository/commons-io/commons-io/2.4/commons-io-2.4.jar:/home/test/.m2/repository/org/codehaus/jackson/jackson-jaxrs/1.9.13/jackson-jaxrs-1.9.13.jar:/home/test/.m2/repository/io/netty/netty/3.9.9.Final/netty-3.9.9.Final.jar:/home/test/.m2/repository/javax/xml/stream/stax-api/1.0-2/stax-api-1.0-2.jar:/home/test/.m2/repository/org/apache/hadoop/hadoop-yarn-client/2.6.5/hadoop-yarn-client-2.6.5.jar:/home/test/.m2/repository/org/codehaus/jackson/jackson-xc/1.9.13/jackson-xc-1.9.13.jar:/home/test/spark/common/tags/target/scala-2.11/classes:/home/test/.m2/repository/org/codehaus/jackson/jackson-core-asl/1.9.13/jackson-core-asl-1.9.13.jar:/home/test/.m2/repository/org/apache/hadoop/hadoop-yarn-common/2.6.5/hadoop-yarn-common-2.6.5.jar:/home/test/.m2/repository/org/apache/curator/curator-framework/2.6.0/curator-framework-2.6.0.jar
[[1;34mINFO[m] 
[[1;34mINFO[m] [1m--- [0;32mmaven-remote-resources-plugin:1.5:process[m [1m(process-resource-bundles)[m @ [36mspark-launcher_2.11[0;1m ---[m
[[1;34mINFO[m] 
[[1;34mINFO[m] [1m--- [0;32mmaven-resources-plugin:2.7:resources[m [1m(default-resources)[m @ [36mspark-launcher_2.11[0;1m ---[m
[[1;34mINFO[m] Using 'UTF-8' encoding to copy filtered resources.
[[1;34mINFO[m] skip non existing resourceDirectory /home/test/spark/launcher/src/main/resources
[[1;34mINFO[m] Copying 3 resources
[[1;34mINFO[m] 
[[1;34mINFO[m] [1m--- [0;32mmaven-compiler-plugin:3.7.0:compile[m [1m(default-compile)[m @ [36mspark-launcher_2.11[0;1m ---[m
[[1;34mINFO[m] Not compiling main sources
[[1;34mINFO[m] 
[[1;34mINFO[m] [1m--- [0;32mscala-maven-plugin:3.2.2:compile[m [1m(scala-compile-first)[m @ [36mspark-launcher_2.11[0;1m ---[m
[[1;34mINFO[m] Using zinc server for incremental compilation
[0m[[0minfo[0m] [0mCompile success at Oct 16, 2019 7:54:23 AM [0.303s][0m
[[1;34mINFO[m] 
[[1;34mINFO[m] [1m--- [0;32mmaven-antrun-plugin:1.8:run[m [1m(create-tmp-dir)[m @ [36mspark-launcher_2.11[0;1m ---[m
[[1;34mINFO[m] Executing tasks

main:
[[1;34mINFO[m] Executed tasks
[[1;34mINFO[m] 
[[1;34mINFO[m] [1m--- [0;32mmaven-resources-plugin:2.7:testResources[m [1m(default-testResources)[m @ [36mspark-launcher_2.11[0;1m ---[m
[[1;34mINFO[m] Using 'UTF-8' encoding to copy filtered resources.
[[1;34mINFO[m] Copying 2 resources
[[1;34mINFO[m] Copying 3 resources
[[1;34mINFO[m] 
[[1;34mINFO[m] [1m--- [0;32mmaven-compiler-plugin:3.7.0:testCompile[m [1m(default-testCompile)[m @ [36mspark-launcher_2.11[0;1m ---[m
[[1;34mINFO[m] Not compiling test sources
[[1;34mINFO[m] 
[[1;34mINFO[m] [1m--- [0;32mmaven-dependency-plugin:3.0.2:build-classpath[m [1m(generate-test-classpath)[m @ [36mspark-launcher_2.11[0;1m ---[m
[[1;34mINFO[m] Dependencies classpath:
/home/test/.m2/repository/org/scalatest/scalatest_2.11/3.0.3/scalatest_2.11-3.0.3.jar:/home/test/.m2/repository/log4j/log4j/1.2.17/log4j-1.2.17.jar:/home/test/.m2/repository/com/novocode/junit-interface/0.11/junit-interface-0.11.jar:/home/test/.m2/repository/com/google/protobuf/protobuf-java/2.5.0/protobuf-java-2.5.0.jar:/home/test/.m2/repository/org/apache/httpcomponents/httpcore/4.4.10/httpcore-4.4.10.jar:/home/test/.m2/repository/org/scalactic/scalactic_2.11/3.0.3/scalactic_2.11-3.0.3.jar:/home/test/.m2/repository/commons-beanutils/commons-beanutils/1.9.3/commons-beanutils-1.9.3.jar:/home/test/.m2/repository/com/thoughtworks/paranamer/paranamer/2.8/paranamer-2.8.jar:/home/test/.m2/repository/org/mockito/mockito-core/1.10.19/mockito-core-1.10.19.jar:/home/test/.m2/repository/org/apache/avro/avro/1.8.2/avro-1.8.2.jar:/home/test/.m2/repository/org/apache/commons/commons-compress/1.4.1/commons-compress-1.4.1.jar:/home/test/.m2/repository/org/apache/directory/server/apacheds-kerberos-codec/2.0.0-M15/apacheds-kerberos-codec-2.0.0-M15.jar:/home/test/.m2/repository/org/apache/curator/curator-recipes/2.6.0/curator-recipes-2.6.0.jar:/home/test/.m2/repository/org/apache/hadoop/hadoop-hdfs/2.6.5/hadoop-hdfs-2.6.5.jar:/home/test/.m2/repository/org/xerial/snappy/snappy-java/1.1.7.3/snappy-java-1.1.7.3.jar:/home/test/.m2/repository/org/apache/hadoop/hadoop-auth/2.6.5/hadoop-auth-2.6.5.jar:/home/test/.m2/repository/org/slf4j/slf4j-api/1.7.16/slf4j-api-1.7.16.jar:/home/test/.m2/repository/xml-apis/xml-apis/1.4.01/xml-apis-1.4.01.jar:/home/test/.m2/repository/org/apache/hadoop/hadoop-mapreduce-client-shuffle/2.6.5/hadoop-mapreduce-client-shuffle-2.6.5.jar:/home/test/.m2/repository/org/fusesource/leveldbjni/leveldbjni-all/1.8/leveldbjni-all-1.8.jar:/home/test/.m2/repository/org/tukaani/xz/1.5/xz-1.5.jar:/home/test/.m2/repository/org/mortbay/jetty/jetty-util/6.1.26/jetty-util-6.1.26.jar:/home/test/.m2/repository/org/scala-sbt/test-interface/1.0/test-interface-1.0.jar:/home/test/.m2/repository/commons-io/commons-io/2.4/commons-io-2.4.jar:/home/test/.m2/repository/org/apache/hadoop/hadoop-mapreduce-client-core/2.6.5/hadoop-mapreduce-client-core-2.6.5.jar:/home/test/.m2/repository/org/scala-lang/scala-reflect/2.11.12/scala-reflect-2.11.12.jar:/home/test/.m2/repository/org/hamcrest/hamcrest-core/1.3/hamcrest-core-1.3.jar:/home/test/.m2/repository/org/codehaus/jackson/jackson-jaxrs/1.9.13/jackson-jaxrs-1.9.13.jar:/home/test/.m2/repository/io/netty/netty/3.9.9.Final/netty-3.9.9.Final.jar:/home/test/.m2/repository/xmlenc/xmlenc/0.52/xmlenc-0.52.jar:/home/test/.m2/repository/org/codehaus/jackson/jackson-core-asl/1.9.13/jackson-core-asl-1.9.13.jar:/home/test/.m2/repository/org/apache/directory/api/api-util/1.0.0-M20/api-util-1.0.0-M20.jar:/home/test/.m2/repository/com/google/code/gson/gson/2.2.4/gson-2.2.4.jar:/home/test/.m2/repository/org/apache/directory/api/api-asn1-api/1.0.0-M20/api-asn1-api-1.0.0-M20.jar:/home/test/.m2/repository/org/scala-lang/modules/scala-xml_2.11/1.0.5/scala-xml_2.11-1.0.5.jar:/home/test/.m2/repository/org/apache/curator/curator-client/2.6.0/curator-client-2.6.0.jar:/home/test/.m2/repository/org/apache/hadoop/hadoop-mapreduce-client-common/2.6.5/hadoop-mapreduce-client-common-2.6.5.jar:/home/test/.m2/repository/commons-net/commons-net/3.1/commons-net-3.1.jar:/home/test/.m2/repository/commons-configuration/commons-configuration/1.6/commons-configuration-1.6.jar:/home/test/.m2/repository/com/google/code/findbugs/jsr305/1.3.9/jsr305-1.3.9.jar:/home/test/.m2/repository/org/slf4j/jul-to-slf4j/1.7.16/jul-to-slf4j-1.7.16.jar:/home/test/.m2/repository/commons-digester/commons-digester/1.8/commons-digester-1.8.jar:/home/test/.m2/repository/org/apache/hadoop/hadoop-mapreduce-client-jobclient/2.6.5/hadoop-mapreduce-client-jobclient-2.6.5.jar:/home/test/.m2/repository/org/scala-lang/scala-library/2.11.12/scala-library-2.11.12.jar:/home/test/.m2/repository/org/apache/directory/server/apacheds-i18n/2.0.0-M15/apacheds-i18n-2.0.0-M15.jar:/home/test/.m2/repository/javax/xml/bind/jaxb-api/2.2.2/jaxb-api-2.2.2.jar:/home/test/spark/common/tags/target/scala-2.11/test-classes:/home/test/.m2/repository/commons-lang/commons-lang/2.6/commons-lang-2.6.jar:/home/test/.m2/repository/org/htrace/htrace-core/3.0.4/htrace-core-3.0.4.jar:/home/test/.m2/repository/org/apache/zookeeper/zookeeper/3.4.6/zookeeper-3.4.6.jar:/home/test/.m2/repository/org/apache/hadoop/hadoop-client/2.6.5/hadoop-client-2.6.5.jar:/home/test/.m2/repository/javax/activation/activation/1.1.1/activation-1.1.1.jar:/home/test/.m2/repository/commons-cli/commons-cli/1.2/commons-cli-1.2.jar:/home/test/.m2/repository/commons-codec/commons-codec/1.10/commons-codec-1.10.jar:/home/test/.m2/repository/com/google/guava/guava/14.0.1/guava-14.0.1.jar:/home/test/.m2/repository/xerces/xercesImpl/2.9.1/xercesImpl-2.9.1.jar:/home/test/.m2/repository/org/objenesis/objenesis/2.1/objenesis-2.1.jar:/home/test/.m2/repository/org/slf4j/slf4j-log4j12/1.7.16/slf4j-log4j12-1.7.16.jar:/home/test/.m2/repository/org/apache/hadoop/hadoop-yarn-api/2.6.5/hadoop-yarn-api-2.6.5.jar:/home/test/.m2/repository/org/spark-project/spark/unused/1.0.0/unused-1.0.0.jar:/home/test/.m2/repository/org/apache/hadoop/hadoop-common/2.6.5/hadoop-common-2.6.5.jar:/home/test/.m2/repository/org/apache/commons/commons-math3/3.4.1/commons-math3-3.4.1.jar:/home/test/.m2/repository/commons-collections/commons-collections/3.2.2/commons-collections-3.2.2.jar:/home/test/.m2/repository/org/scala-lang/modules/scala-parser-combinators_2.11/1.1.0/scala-parser-combinators_2.11-1.1.0.jar:/home/test/.m2/repository/javax/xml/stream/stax-api/1.0-2/stax-api-1.0-2.jar:/home/test/.m2/repository/junit/junit/4.12/junit-4.12.jar:/home/test/.m2/repository/org/apache/hadoop/hadoop-yarn-client/2.6.5/hadoop-yarn-client-2.6.5.jar:/home/test/.m2/repository/org/codehaus/jackson/jackson-xc/1.9.13/jackson-xc-1.9.13.jar:/home/test/.m2/repository/org/apache/httpcomponents/httpclient/4.5.6/httpclient-4.5.6.jar:/home/test/spark/common/tags/target/scala-2.11/classes:/home/test/.m2/repository/org/apache/hadoop/hadoop-mapreduce-client-app/2.6.5/hadoop-mapreduce-client-app-2.6.5.jar:/home/test/.m2/repository/org/apache/hadoop/hadoop-yarn-server-common/2.6.5/hadoop-yarn-server-common-2.6.5.jar:/home/test/.m2/repository/org/apache/hadoop/hadoop-yarn-common/2.6.5/hadoop-yarn-common-2.6.5.jar:/home/test/.m2/repository/org/apache/curator/curator-framework/2.6.0/curator-framework-2.6.0.jar:/home/test/.m2/repository/org/apache/hadoop/hadoop-annotations/2.6.5/hadoop-annotations-2.6.5.jar:/home/test/.m2/repository/commons-httpclient/commons-httpclient/3.1/commons-httpclient-3.1.jar
[[1;34mINFO[m] 
[[1;34mINFO[m] [1m--- [0;32mscala-maven-plugin:3.2.2:testCompile[m [1m(scala-test-compile-first)[m @ [36mspark-launcher_2.11[0;1m ---[m
[[1;34mINFO[m] Using zinc server for incremental compilation
[0m[[0minfo[0m] [0mCompile success at Oct 16, 2019 7:54:24 AM [0.139s][0m
[[1;34mINFO[m] 
[[1;34mINFO[m] [1m--- [0;32mmaven-surefire-plugin:2.22.0:test[m [1m(default-test)[m @ [36mspark-launcher_2.11[0;1m ---[m
[[1;34mINFO[m] 
[[1;34mINFO[m] [1m--- [0;32mmaven-surefire-plugin:2.22.0:test[m [1m(test)[m @ [36mspark-launcher_2.11[0;1m ---[m
[[1;34mINFO[m] Skipping execution of surefire because it has already been run for this configuration
[[1;34mINFO[m] 
[[1;34mINFO[m] [1m--- [0;32mscalatest-maven-plugin:1.0:test[m [1m(test)[m @ [36mspark-launcher_2.11[0;1m ---[m
[36mDiscovery starting.[0m
[36mDiscovery completed in 201 milliseconds.[0m
[36mRun starting. Expected test count is: 0[0m
[32mDiscoverySuite:[0m
[36mRun completed in 242 milliseconds.[0m
[36mTotal number of tests run: 0[0m
[36mSuites: completed 1, aborted 0[0m
[36mTests: succeeded 0, failed 0, canceled 0, ignored 0, pending 0[0m
[33mNo tests were executed.[0m
[[1;34mINFO[m] 
[[1;34mINFO[m] [1m------------------< [0;36morg.apache.spark:spark-core_2.11[0;1m >------------------[m
[[1;34mINFO[m] [1mBuilding Spark Project Core 2.4.4                                 [9/24][m
[[1;34mINFO[m] [1m--------------------------------[ jar ]---------------------------------[m
[[1;34mINFO[m] 
[[1;34mINFO[m] [1m--- [0;32mmaven-enforcer-plugin:3.0.0-M1:enforce[m [1m(enforce-versions)[m @ [36mspark-core_2.11[0;1m ---[m
[[1;34mINFO[m] 
[[1;34mINFO[m] [1m--- [0;32mscala-maven-plugin:3.2.2:add-source[m [1m(eclipse-add-source)[m @ [36mspark-core_2.11[0;1m ---[m
[[1;34mINFO[m] Add Source directory: /home/test/spark/core/src/main/scala
[[1;34mINFO[m] Add Test Source directory: /home/test/spark/core/src/test/scala
[[1;34mINFO[m] 
[[1;34mINFO[m] [1m--- [0;32mmaven-dependency-plugin:3.0.2:build-classpath[m [1m(default-cli)[m @ [36mspark-core_2.11[0;1m ---[m
[[1;34mINFO[m] Dependencies classpath:
/home/test/.m2/repository/com/fasterxml/jackson/module/jackson-module-scala_2.11/2.6.7.1/jackson-module-scala_2.11-2.6.7.1.jar:/home/test/.m2/repository/com/google/protobuf/protobuf-java/2.5.0/protobuf-java-2.5.0.jar:/home/test/.m2/repository/org/lz4/lz4-java/1.4.0/lz4-java-1.4.0.jar:/home/test/.m2/repository/com/fasterxml/jackson/module/jackson-module-paranamer/2.7.9/jackson-module-paranamer-2.7.9.jar:/home/test/.m2/repository/org/apache/commons/commons-compress/1.8.1/commons-compress-1.8.1.jar:/home/test/.m2/repository/org/json4s/json4s-ast_2.11/3.5.3/json4s-ast_2.11-3.5.3.jar:/home/test/.m2/repository/commons-beanutils/commons-beanutils/1.9.3/commons-beanutils-1.9.3.jar:/home/test/.m2/repository/com/thoughtworks/paranamer/paranamer/2.8/paranamer-2.8.jar:/home/test/.m2/repository/org/eclipse/jetty/jetty-continuation/9.3.24.v20180605/jetty-continuation-9.3.24.v20180605.jar:/home/test/.m2/repository/org/apache/hadoop/hadoop-hdfs/2.6.5/hadoop-hdfs-2.6.5.jar:/home/test/.m2/repository/org/fusesource/leveldbjni/leveldbjni-all/1.8/leveldbjni-all-1.8.jar:/home/test/.m2/repository/org/tukaani/xz/1.5/xz-1.5.jar:/home/test/.m2/repository/org/glassfish/jersey/bundles/repackaged/jersey-guava/2.22.2/jersey-guava-2.22.2.jar:/home/test/spark/launcher/target/scala-2.11/classes:/home/test/.m2/repository/org/apache/commons/commons-crypto/1.0.0/commons-crypto-1.0.0.jar:/home/test/.m2/repository/org/scala-lang/scala-reflect/2.11.12/scala-reflect-2.11.12.jar:/home/test/.m2/repository/commons-io/commons-io/2.4/commons-io-2.4.jar:/home/test/.m2/repository/org/apache/commons/commons-lang3/3.5/commons-lang3-3.5.jar:/home/test/.m2/repository/org/codehaus/jackson/jackson-jaxrs/1.9.13/jackson-jaxrs-1.9.13.jar:/home/test/.m2/repository/com/esotericsoftware/kryo-shaded/4.0.2/kryo-shaded-4.0.2.jar:/home/test/.m2/repository/com/esotericsoftware/minlog/1.3.0/minlog-1.3.0.jar:/home/test/.m2/repository/org/codehaus/jackson/jackson-core-asl/1.9.13/jackson-core-asl-1.9.13.jar:/home/test/.m2/repository/org/eclipse/jetty/jetty-xml/9.3.24.v20180605/jetty-xml-9.3.24.v20180605.jar:/home/test/.m2/repository/org/eclipse/jetty/jetty-io/9.3.24.v20180605/jetty-io-9.3.24.v20180605.jar:/home/test/.m2/repository/javax/validation/validation-api/1.1.0.Final/validation-api-1.1.0.Final.jar:/home/test/.m2/repository/org/glassfish/jersey/core/jersey-common/2.22.2/jersey-common-2.22.2.jar:/home/test/.m2/repository/org/eclipse/jetty/jetty-http/9.3.24.v20180605/jetty-http-9.3.24.v20180605.jar:/home/test/.m2/repository/org/scala-lang/modules/scala-xml_2.11/1.0.5/scala-xml_2.11-1.0.5.jar:/home/test/.m2/repository/org/eclipse/jetty/jetty-security/9.3.24.v20180605/jetty-security-9.3.24.v20180605.jar:/home/test/.m2/repository/com/google/code/findbugs/jsr305/1.3.9/jsr305-1.3.9.jar:/home/test/.m2/repository/commons-net/commons-net/3.1/commons-net-3.1.jar:/home/test/.m2/repository/javax/xml/bind/jaxb-api/2.2.2/jaxb-api-2.2.2.jar:/home/test/.m2/repository/org/glassfish/hk2/hk2-api/2.4.0-b34/hk2-api-2.4.0-b34.jar:/home/test/.m2/repository/org/glassfish/jersey/core/jersey-server/2.22.2/jersey-server-2.22.2.jar:/home/test/.m2/repository/com/twitter/chill_2.11/0.9.3/chill_2.11-0.9.3.jar:/home/test/spark/common/unsafe/target/scala-2.11/classes:/home/test/.m2/repository/commons-lang/commons-lang/2.6/commons-lang-2.6.jar:/home/test/.m2/repository/org/apache/zookeeper/zookeeper/3.4.6/zookeeper-3.4.6.jar:/home/test/.m2/repository/javax/activation/activation/1.1.1/activation-1.1.1.jar:/home/test/.m2/repository/commons-codec/commons-codec/1.10/commons-codec-1.10.jar:/home/test/.m2/repository/org/json4s/json4s-jackson_2.11/3.5.3/json4s-jackson_2.11-3.5.3.jar:/home/test/.m2/repository/org/javassist/javassist/3.18.1-GA/javassist-3.18.1-GA.jar:/home/test/.m2/repository/org/apache/xbean/xbean-asm6-shaded/4.8/xbean-asm6-shaded-4.8.jar:/home/test/.m2/repository/org/eclipse/jetty/jetty-plus/9.3.24.v20180605/jetty-plus-9.3.24.v20180605.jar:/home/test/.m2/repository/org/apache/hadoop/hadoop-yarn-api/2.6.5/hadoop-yarn-api-2.6.5.jar:/home/test/.m2/repository/org/apache/ivy/ivy/2.4.0/ivy-2.4.0.jar:/home/test/.m2/repository/org/apache/hadoop/hadoop-common/2.6.5/hadoop-common-2.6.5.jar:/home/test/.m2/repository/org/eclipse/jetty/jetty-jndi/9.3.24.v20180605/jetty-jndi-9.3.24.v20180605.jar:/home/test/.m2/repository/org/eclipse/jetty/jetty-servlets/9.3.24.v20180605/jetty-servlets-9.3.24.v20180605.jar:/home/test/.m2/repository/javax/servlet/javax.servlet-api/3.1.0/javax.servlet-api-3.1.0.jar:/home/test/.m2/repository/org/glassfish/hk2/osgi-resource-locator/1.0.1/osgi-resource-locator-1.0.1.jar:/home/test/.m2/repository/com/fasterxml/jackson/core/jackson-core/2.6.7/jackson-core-2.6.7.jar:/home/test/.m2/repository/org/apache/commons/commons-math3/3.4.1/commons-math3-3.4.1.jar:/home/test/.m2/repository/io/dropwizard/metrics/metrics-graphite/3.1.5/metrics-graphite-3.1.5.jar:/home/test/.m2/repository/javax/xml/stream/stax-api/1.0-2/stax-api-1.0-2.jar:/home/test/.m2/repository/org/codehaus/jackson/jackson-xc/1.9.13/jackson-xc-1.9.13.jar:/home/test/.m2/repository/org/apache/hadoop/hadoop-mapreduce-client-app/2.6.5/hadoop-mapreduce-client-app-2.6.5.jar:/home/test/.m2/repository/org/apache/hadoop/hadoop-yarn-server-common/2.6.5/hadoop-yarn-server-common-2.6.5.jar:/home/test/spark/common/tags/target/scala-2.11/classes:/home/test/.m2/repository/org/glassfish/hk2/hk2-utils/2.4.0-b34/hk2-utils-2.4.0-b34.jar:/home/test/.m2/repository/org/glassfish/hk2/external/aopalliance-repackaged/2.4.0-b34/aopalliance-repackaged-2.4.0-b34.jar:/home/test/.m2/repository/net/sf/py4j/py4j/0.10.7/py4j-0.10.7.jar:/home/test/.m2/repository/org/apache/hadoop/hadoop-yarn-common/2.6.5/hadoop-yarn-common-2.6.5.jar:/home/test/.m2/repository/org/json4s/json4s-scalap_2.11/3.5.3/json4s-scalap_2.11-3.5.3.jar:/home/test/.m2/repository/org/glassfish/hk2/external/javax.inject/2.4.0-b34/javax.inject-2.4.0-b34.jar:/home/test/.m2/repository/org/glassfish/jersey/containers/jersey-container-servlet-core/2.22.2/jersey-container-servlet-core-2.22.2.jar:/home/test/spark/common/network-shuffle/target/scala-2.11/classes:/home/test/.m2/repository/oro/oro/2.0.8/oro-2.0.8.jar:/home/test/.m2/repository/org/eclipse/jetty/jetty-servlet/9.3.24.v20180605/jetty-servlet-9.3.24.v20180605.jar:/home/test/.m2/repository/org/apache/avro/avro-mapred/1.8.2/avro-mapred-1.8.2-hadoop2.jar:/home/test/.m2/repository/org/apache/hadoop/hadoop-annotations/2.6.5/hadoop-annotations-2.6.5.jar:/home/test/.m2/repository/org/apache/curator/curator-framework/2.6.0/curator-framework-2.6.0.jar:/home/test/.m2/repository/log4j/log4j/1.2.17/log4j-1.2.17.jar:/home/test/.m2/repository/com/twitter/parquet-hadoop-bundle/1.6.0/parquet-hadoop-bundle-1.6.0.jar:/home/test/.m2/repository/org/apache/httpcomponents/httpcore/4.4.10/httpcore-4.4.10.jar:/home/test/.m2/repository/org/eclipse/jetty/jetty-proxy/9.3.24.v20180605/jetty-proxy-9.3.24.v20180605.jar:/home/test/.m2/repository/io/dropwizard/metrics/metrics-json/3.1.5/metrics-json-3.1.5.jar:/home/test/.m2/repository/org/apache/avro/avro/1.8.2/avro-1.8.2.jar:/home/test/.m2/repository/org/apache/directory/server/apacheds-kerberos-codec/2.0.0-M15/apacheds-kerberos-codec-2.0.0-M15.jar:/home/test/.m2/repository/org/apache/curator/curator-recipes/2.6.0/curator-recipes-2.6.0.jar:/home/test/.m2/repository/io/dropwizard/metrics/metrics-core/3.1.5/metrics-core-3.1.5.jar:/home/test/.m2/repository/org/xerial/snappy/snappy-java/1.1.7.3/snappy-java-1.1.7.3.jar:/home/test/.m2/repository/org/apache/hadoop/hadoop-auth/2.6.5/hadoop-auth-2.6.5.jar:/home/test/.m2/repository/org/apache/hadoop/hadoop-mapreduce-client-shuffle/2.6.5/hadoop-mapreduce-client-shuffle-2.6.5.jar:/home/test/.m2/repository/org/slf4j/slf4j-api/1.7.16/slf4j-api-1.7.16.jar:/home/test/.m2/repository/org/mortbay/jetty/jetty-util/6.1.26/jetty-util-6.1.26.jar:/home/test/spark/common/kvstore/target/scala-2.11/classes:/home/test/.m2/repository/org/apache/hadoop/hadoop-mapreduce-client-core/2.6.5/hadoop-mapreduce-client-core-2.6.5.jar:/home/test/.m2/repository/com/fasterxml/jackson/core/jackson-databind/2.6.7.1/jackson-databind-2.6.7.1.jar:/home/test/.m2/repository/org/codehaus/jackson/jackson-mapper-asl/1.9.13/jackson-mapper-asl-1.9.13.jar:/home/test/.m2/repository/javax/ws/rs/javax.ws.rs-api/2.0.1/javax.ws.rs-api-2.0.1.jar:/home/test/.m2/repository/org/glassfish/jersey/core/jersey-client/2.22.2/jersey-client-2.22.2.jar:/home/test/.m2/repository/io/netty/netty/3.9.9.Final/netty-3.9.9.Final.jar:/home/test/.m2/repository/org/roaringbitmap/shims/0.7.45/shims-0.7.45.jar:/home/test/.m2/repository/org/apache/avro/avro-ipc/1.8.2/avro-ipc-1.8.2.jar:/home/test/.m2/repository/xmlenc/xmlenc/0.52/xmlenc-0.52.jar:/home/test/.m2/repository/com/ning/compress-lzf/1.0.3/compress-lzf-1.0.3.jar:/home/test/.m2/repository/org/eclipse/jetty/jetty-webapp/9.3.24.v20180605/jetty-webapp-9.3.24.v20180605.jar:/home/test/.m2/repository/org/apache/directory/api/api-util/1.0.0-M20/api-util-1.0.0-M20.jar:/home/test/.m2/repository/com/google/code/gson/gson/2.2.4/gson-2.2.4.jar:/home/test/.m2/repository/org/apache/directory/api/api-asn1-api/1.0.0-M20/api-asn1-api-1.0.0-M20.jar:/home/test/.m2/repository/com/clearspring/analytics/stream/2.7.0/stream-2.7.0.jar:/home/test/.m2/repository/org/apache/curator/curator-client/2.6.0/curator-client-2.6.0.jar:/home/test/.m2/repository/com/fasterxml/jackson/core/jackson-annotations/2.6.7/jackson-annotations-2.6.7.jar:/home/test/.m2/repository/org/apache/hadoop/hadoop-mapreduce-client-common/2.6.5/hadoop-mapreduce-client-common-2.6.5.jar:/home/test/.m2/repository/commons-configuration/commons-configuration/1.6/commons-configuration-1.6.jar:/home/test/.m2/repository/org/glassfish/jersey/containers/jersey-container-servlet/2.22.2/jersey-container-servlet-2.22.2.jar:/home/test/.m2/repository/commons-digester/commons-digester/1.8/commons-digester-1.8.jar:/home/test/.m2/repository/org/slf4j/jul-to-slf4j/1.7.16/jul-to-slf4j-1.7.16.jar:/home/test/.m2/repository/org/apache/hadoop/hadoop-mapreduce-client-jobclient/2.6.5/hadoop-mapreduce-client-jobclient-2.6.5.jar:/home/test/.m2/repository/org/apache/directory/server/apacheds-i18n/2.0.0-M15/apacheds-i18n-2.0.0-M15.jar:/home/test/.m2/repository/org/scala-lang/scala-library/2.11.12/scala-library-2.11.12.jar:/home/test/.m2/repository/org/htrace/htrace-core/3.0.4/htrace-core-3.0.4.jar:/home/test/.m2/repository/org/eclipse/jetty/jetty-server/9.3.24.v20180605/jetty-server-9.3.24.v20180605.jar:/home/test/.m2/repository/org/roaringbitmap/RoaringBitmap/0.7.45/RoaringBitmap-0.7.45.jar:/home/test/.m2/repository/org/apache/hadoop/hadoop-client/2.6.5/hadoop-client-2.6.5.jar:/home/test/.m2/repository/commons-cli/commons-cli/1.2/commons-cli-1.2.jar:/home/test/.m2/repository/xerces/xercesImpl/2.9.1/xercesImpl-2.9.1.jar:/home/test/.m2/repository/javax/annotation/javax.annotation-api/1.2/javax.annotation-api-1.2.jar:/home/test/.m2/repository/org/objenesis/objenesis/2.1/objenesis-2.1.jar:/home/test/.m2/repository/org/eclipse/jetty/jetty-client/9.3.24.v20180605/jetty-client-9.3.24.v20180605.jar:/home/test/.m2/repository/org/slf4j/slf4j-log4j12/1.7.16/slf4j-log4j12-1.7.16.jar:/home/test/.m2/repository/org/glassfish/jersey/media/jersey-media-jaxb/2.22.2/jersey-media-jaxb-2.22.2.jar:/home/test/.m2/repository/org/spark-project/spark/unused/1.0.0/unused-1.0.0.jar:/home/test/.m2/repository/com/twitter/chill-java/0.9.3/chill-java-0.9.3.jar:/home/test/.m2/repository/io/dropwizard/metrics/metrics-jvm/3.1.5/metrics-jvm-3.1.5.jar:/home/test/.m2/repository/com/github/luben/zstd-jni/1.3.2-2/zstd-jni-1.3.2-2.jar:/home/test/.m2/repository/org/eclipse/jetty/jetty-util/9.3.24.v20180605/jetty-util-9.3.24.v20180605.jar:/home/test/.m2/repository/org/json4s/json4s-core_2.11/3.5.3/json4s-core_2.11-3.5.3.jar:/home/test/.m2/repository/commons-collections/commons-collections/3.2.2/commons-collections-3.2.2.jar:/home/test/.m2/repository/org/glassfish/hk2/hk2-locator/2.4.0-b34/hk2-locator-2.4.0-b34.jar:/home/test/.m2/repository/org/apache/hadoop/hadoop-yarn-client/2.6.5/hadoop-yarn-client-2.6.5.jar:/home/test/.m2/repository/commons-logging/commons-logging/1.1.3/commons-logging-1.1.3.jar:/home/test/.m2/repository/org/apache/httpcomponents/httpclient/4.5.6/httpclient-4.5.6.jar:/home/test/.m2/repository/net/razorvine/pyrolite/4.13/pyrolite-4.13.jar:/home/test/spark/common/network-common/target/scala-2.11/classes:/home/test/.m2/repository/org/slf4j/jcl-over-slf4j/1.7.16/jcl-over-slf4j-1.7.16.jar:/home/test/.m2/repository/io/netty/netty-all/4.1.17.Final/netty-all-4.1.17.Final.jar:/home/test/.m2/repository/commons-httpclient/commons-httpclient/3.1/commons-httpclient-3.1.jar
[[1;34mINFO[m] 
[[1;34mINFO[m] [1m--- [0;32mmaven-remote-resources-plugin:1.5:process[m [1m(process-resource-bundles)[m @ [36mspark-core_2.11[0;1m ---[m
[[1;34mINFO[m] 
[[1;34mINFO[m] [1m--- [0;32mmaven-antrun-plugin:1.8:run[m [1m(default)[m @ [36mspark-core_2.11[0;1m ---[m
[[1;34mINFO[m] Executing tasks

main:
[[1;34mINFO[m] Executed tasks
[[1;34mINFO[m] 
[[1;34mINFO[m] [1m--- [0;32mmaven-resources-plugin:2.7:resources[m [1m(default-resources)[m @ [36mspark-core_2.11[0;1m ---[m
[[1;34mINFO[m] Using 'UTF-8' encoding to copy filtered resources.
[[1;34mINFO[m] Copying 37 resources
[[1;34mINFO[m] Copying 1 resource
[[1;34mINFO[m] Copying 3 resources
[[1;34mINFO[m] 
[[1;34mINFO[m] [1m--- [0;32mmaven-compiler-plugin:3.7.0:compile[m [1m(default-compile)[m @ [36mspark-core_2.11[0;1m ---[m
[[1;34mINFO[m] Not compiling main sources
[[1;34mINFO[m] 
[[1;34mINFO[m] [1m--- [0;32mscala-maven-plugin:3.2.2:compile[m [1m(scala-compile-first)[m @ [36mspark-core_2.11[0;1m ---[m
[[1;34mINFO[m] Using zinc server for incremental compilation
[0m[[0minfo[0m] [0mCompile success at Oct 16, 2019 7:54:45 AM [5.759s][0m
[[1;34mINFO[m] 
[[1;34mINFO[m] [1m--- [0;32mmaven-antrun-plugin:1.8:run[m [1m(create-tmp-dir)[m @ [36mspark-core_2.11[0;1m ---[m
[[1;34mINFO[m] Executing tasks

main:
[[1;34mINFO[m] Executed tasks
[[1;34mINFO[m] 
[[1;34mINFO[m] [1m--- [0;32mmaven-resources-plugin:2.7:testResources[m [1m(default-testResources)[m @ [36mspark-core_2.11[0;1m ---[m
[[1;34mINFO[m] Using 'UTF-8' encoding to copy filtered resources.
[[1;34mINFO[m] Copying 68 resources
[[1;34mINFO[m] Copying 3 resources
[[1;34mINFO[m] 
[[1;34mINFO[m] [1m--- [0;32mmaven-compiler-plugin:3.7.0:testCompile[m [1m(default-testCompile)[m @ [36mspark-core_2.11[0;1m ---[m
[[1;34mINFO[m] Not compiling test sources
[[1;34mINFO[m] 
[[1;34mINFO[m] [1m--- [0;32mmaven-dependency-plugin:3.0.2:build-classpath[m [1m(generate-test-classpath)[m @ [36mspark-core_2.11[0;1m ---[m
[[1;34mINFO[m] Dependencies classpath:
/home/test/.m2/repository/com/google/protobuf/protobuf-java/2.5.0/protobuf-java-2.5.0.jar:/home/test/.m2/repository/org/lz4/lz4-java/1.4.0/lz4-java-1.4.0.jar:/home/test/.m2/repository/org/scalactic/scalactic_2.11/3.0.3/scalactic_2.11-3.0.3.jar:/home/test/.m2/repository/com/fasterxml/jackson/module/jackson-module-paranamer/2.7.9/jackson-module-paranamer-2.7.9.jar:/home/test/.m2/repository/org/apache/commons/commons-compress/1.8.1/commons-compress-1.8.1.jar:/home/test/.m2/repository/commons-beanutils/commons-beanutils/1.9.3/commons-beanutils-1.9.3.jar:/home/test/.m2/repository/org/seleniumhq/selenium/selenium-leg-rc/2.52.0/selenium-leg-rc-2.52.0.jar:/home/test/.m2/repository/org/antlr/stringtemplate/3.2.1/stringtemplate-3.2.1.jar:/home/test/.m2/repository/org/apache/commons/commons-math/2.2/commons-math-2.2.jar:/home/test/.m2/repository/org/glassfish/jersey/bundles/repackaged/jersey-guava/2.22.2/jersey-guava-2.22.2.jar:/home/test/.m2/repository/org/apache/httpcomponents/httpmime/4.5.6/httpmime-4.5.6.jar:/home/test/spark/launcher/target/scala-2.11/classes:/home/test/.m2/repository/org/apache/commons/commons-crypto/1.0.0/commons-crypto-1.0.0.jar:/home/test/.m2/repository/org/scala-lang/scala-reflect/2.11.12/scala-reflect-2.11.12.jar:/home/test/.m2/repository/net/sourceforge/htmlunit/htmlunit-core-js/2.17/htmlunit-core-js-2.17.jar:/home/test/.m2/repository/commons-dbcp/commons-dbcp/1.4/commons-dbcp-1.4.jar:/home/test/.m2/repository/org/codehaus/jackson/jackson-jaxrs/1.9.13/jackson-jaxrs-1.9.13.jar:/home/test/.m2/repository/org/seleniumhq/selenium/selenium-firefox-driver/2.52.0/selenium-firefox-driver-2.52.0.jar:/home/test/.m2/repository/org/eclipse/jetty/jetty-xml/9.3.24.v20180605/jetty-xml-9.3.24.v20180605.jar:/home/test/.m2/repository/org/antlr/ST4/4.0.4/ST4-4.0.4.jar:/home/test/.m2/repository/org/eclipse/jetty/jetty-io/9.3.24.v20180605/jetty-io-9.3.24.v20180605.jar:/home/test/.m2/repository/org/scalacheck/scalacheck_2.11/1.13.5/scalacheck_2.11-1.13.5.jar:/home/test/.m2/repository/org/glassfish/jersey/core/jersey-common/2.22.2/jersey-common-2.22.2.jar:/home/test/.m2/repository/commons-net/commons-net/3.1/commons-net-3.1.jar:/home/test/.m2/repository/net/sf/opencsv/opencsv/2.3/opencsv-2.3.jar:/home/test/.m2/repository/org/glassfish/jersey/core/jersey-server/2.22.2/jersey-server-2.22.2.jar:/home/test/.m2/repository/com/twitter/chill_2.11/0.9.3/chill_2.11-0.9.3.jar:/home/test/.m2/repository/commons-lang/commons-lang/2.6/commons-lang-2.6.jar:/home/test/.m2/repository/org/eclipse/jetty/websocket/websocket-common/9.2.12.v20150709/websocket-common-9.2.12.v20150709.jar:/home/test/.m2/repository/org/apache/commons/commons-exec/1.3/commons-exec-1.3.jar:/home/test/.m2/repository/javax/activation/activation/1.1.1/activation-1.1.1.jar:/home/test/.m2/repository/javolution/javolution/5.5.1/javolution-5.5.1.jar:/home/test/.m2/repository/org/json4s/json4s-jackson_2.11/3.5.3/json4s-jackson_2.11-3.5.3.jar:/home/test/.m2/repository/org/javassist/javassist/3.18.1-GA/javassist-3.18.1-GA.jar:/home/test/.m2/repository/org/apache/xbean/xbean-asm6-shaded/4.8/xbean-asm6-shaded-4.8.jar:/home/test/.m2/repository/org/apache/hadoop/hadoop-yarn-api/2.6.5/hadoop-yarn-api-2.6.5.jar:/home/test/.m2/repository/org/apache/ivy/ivy/2.4.0/ivy-2.4.0.jar:/home/test/.m2/repository/org/apache/hadoop/hadoop-common/2.6.5/hadoop-common-2.6.5.jar:/home/test/.m2/repository/org/eclipse/jetty/jetty-servlets/9.3.24.v20180605/jetty-servlets-9.3.24.v20180605.jar:/home/test/.m2/repository/org/glassfish/hk2/osgi-resource-locator/1.0.1/osgi-resource-locator-1.0.1.jar:/home/test/.m2/repository/io/dropwizard/metrics/metrics-graphite/3.1.5/metrics-graphite-3.1.5.jar:/home/test/.m2/repository/org/apache/hadoop/hadoop-mapreduce-client-app/2.6.5/hadoop-mapreduce-client-app-2.6.5.jar:/home/test/.m2/repository/org/apache/hadoop/hadoop-yarn-server-common/2.6.5/hadoop-yarn-server-common-2.6.5.jar:/home/test/.m2/repository/org/apache/hadoop/hadoop-yarn-common/2.6.5/hadoop-yarn-common-2.6.5.jar:/home/test/.m2/repository/org/json4s/json4s-scalap_2.11/3.5.3/json4s-scalap_2.11-3.5.3.jar:/home/test/.m2/repository/org/glassfish/hk2/external/javax.inject/2.4.0-b34/javax.inject-2.4.0-b34.jar:/home/test/.m2/repository/org/glassfish/jersey/containers/jersey-container-servlet-core/2.22.2/jersey-container-servlet-core-2.22.2.jar:/home/test/spark/common/network-shuffle/target/scala-2.11/classes:/home/test/.m2/repository/org/apache/avro/avro-mapred/1.8.2/avro-mapred-1.8.2-hadoop2.jar:/home/test/.m2/repository/org/apache/hadoop/hadoop-annotations/2.6.5/hadoop-annotations-2.6.5.jar:/home/test/.m2/repository/org/apache/calcite/calcite-avatica/1.2.0-incubating/calcite-avatica-1.2.0-incubating.jar:/home/test/.m2/repository/org/scalatest/scalatest_2.11/3.0.3/scalatest_2.11-3.0.3.jar:/home/test/.m2/repository/net/java/dev/jna/jna-platform/4.1.0/jna-platform-4.1.0.jar:/home/test/.m2/repository/log4j/log4j/1.2.17/log4j-1.2.17.jar:/home/test/.m2/repository/com/twitter/parquet-hadoop-bundle/1.6.0/parquet-hadoop-bundle-1.6.0.jar:/home/test/.m2/repository/org/seleniumhq/selenium/selenium-api/2.52.0/selenium-api-2.52.0.jar:/home/test/.m2/repository/org/datanucleus/datanucleus-core/3.2.10/datanucleus-core-3.2.10.jar:/home/test/.m2/repository/org/apache/httpcomponents/httpcore/4.4.10/httpcore-4.4.10.jar:/home/test/.m2/repository/org/eclipse/jetty/jetty-proxy/9.3.24.v20180605/jetty-proxy-9.3.24.v20180605.jar:/home/test/.m2/repository/org/apache/avro/avro/1.8.2/avro-1.8.2.jar:/home/test/.m2/repository/org/apache/directory/server/apacheds-kerberos-codec/2.0.0-M15/apacheds-kerberos-codec-2.0.0-M15.jar:/home/test/.m2/repository/antlr/antlr/2.7.7/antlr-2.7.7.jar:/home/test/.m2/repository/org/apache/hadoop/hadoop-auth/2.6.5/hadoop-auth-2.6.5.jar:/home/test/.m2/repository/org/slf4j/slf4j-api/1.7.16/slf4j-api-1.7.16.jar:/home/test/.m2/repository/org/seleniumhq/selenium/selenium-edge-driver/2.52.0/selenium-edge-driver-2.52.0.jar:/home/test/.m2/repository/org/jodd/jodd-core/3.5.2/jodd-core-3.5.2.jar:/home/test/.m2/repository/org/scala-sbt/test-interface/1.0/test-interface-1.0.jar:/home/test/.m2/repository/org/apache/hadoop/hadoop-mapreduce-client-core/2.6.5/hadoop-mapreduce-client-core-2.6.5.jar:/home/test/.m2/repository/org/seleniumhq/selenium/selenium-htmlunit-driver/2.52.0/selenium-htmlunit-driver-2.52.0.jar:/home/test/.m2/repository/org/codehaus/jackson/jackson-mapper-asl/1.9.13/jackson-mapper-asl-1.9.13.jar:/home/test/.m2/repository/javax/ws/rs/javax.ws.rs-api/2.0.1/javax.ws.rs-api-2.0.1.jar:/home/test/.m2/repository/org/glassfish/jersey/core/jersey-client/2.22.2/jersey-client-2.22.2.jar:/home/test/.m2/repository/org/roaringbitmap/shims/0.7.45/shims-0.7.45.jar:/home/test/.m2/repository/com/ning/compress-lzf/1.0.3/compress-lzf-1.0.3.jar:/home/test/.m2/repository/org/eclipse/jetty/jetty-webapp/9.3.24.v20180605/jetty-webapp-9.3.24.v20180605.jar:/home/test/.m2/repository/org/apache/derby/derby/10.12.1.1/derby-10.12.1.1.jar:/home/test/.m2/repository/com/google/code/gson/gson/2.2.4/gson-2.2.4.jar:/home/test/.m2/repository/com/fasterxml/jackson/core/jackson-annotations/2.6.7/jackson-annotations-2.6.7.jar:/home/test/.m2/repository/org/seleniumhq/selenium/selenium-chrome-driver/2.52.0/selenium-chrome-driver-2.52.0.jar:/home/test/.m2/repository/org/apache/hadoop/hadoop-mapreduce-client-common/2.6.5/hadoop-mapreduce-client-common-2.6.5.jar:/home/test/.m2/repository/commons-configuration/commons-configuration/1.6/commons-configuration-1.6.jar:/home/test/.m2/repository/commons-digester/commons-digester/1.8/commons-digester-1.8.jar:/home/test/.m2/repository/org/slf4j/jul-to-slf4j/1.7.16/jul-to-slf4j-1.7.16.jar:/home/test/.m2/repository/org/seleniumhq/selenium/selenium-support/2.52.0/selenium-support-2.52.0.jar:/home/test/.m2/repository/org/apache/hadoop/hadoop-mapreduce-client-jobclient/2.6.5/hadoop-mapreduce-client-jobclient-2.6.5.jar:/home/test/.m2/repository/org/apache/directory/server/apacheds-i18n/2.0.0-M15/apacheds-i18n-2.0.0-M15.jar:/home/test/.m2/repository/org/scala-lang/scala-library/2.11.12/scala-library-2.11.12.jar:/home/test/.m2/repository/org/seleniumhq/selenium/selenium-safari-driver/2.52.0/selenium-safari-driver-2.52.0.jar:/home/test/.m2/repository/org/htrace/htrace-core/3.0.4/htrace-core-3.0.4.jar:/home/test/.m2/repository/org/eclipse/jetty/jetty-server/9.3.24.v20180605/jetty-server-9.3.24.v20180605.jar:/home/test/.m2/repository/commons-cli/commons-cli/1.2/commons-cli-1.2.jar:/home/test/.m2/repository/xerces/xercesImpl/2.9.1/xercesImpl-2.9.1.jar:/home/test/.m2/repository/org/objenesis/objenesis/2.1/objenesis-2.1.jar:/home/test/.m2/repository/org/eclipse/jetty/jetty-client/9.3.24.v20180605/jetty-client-9.3.24.v20180605.jar:/home/test/.m2/repository/org/slf4j/slf4j-log4j12/1.7.16/slf4j-log4j12-1.7.16.jar:/home/test/.m2/repository/org/seleniumhq/selenium/selenium-java/2.52.0/selenium-java-2.52.0.jar:/home/test/.m2/repository/org/spark-project/spark/unused/1.0.0/unused-1.0.0.jar:/home/test/.m2/repository/com/twitter/chill-java/0.9.3/chill-java-0.9.3.jar:/home/test/.m2/repository/io/dropwizard/metrics/metrics-jvm/3.1.5/metrics-jvm-3.1.5.jar:/home/test/.m2/repository/com/github/luben/zstd-jni/1.3.2-2/zstd-jni-1.3.2-2.jar:/home/test/.m2/repository/org/json4s/json4s-core_2.11/3.5.3/json4s-core_2.11-3.5.3.jar:/home/test/.m2/repository/commons-collections/commons-collections/3.2.2/commons-collections-3.2.2.jar:/home/test/.m2/repository/org/webbitserver/webbit/0.4.14/webbit-0.4.14.jar:/home/test/.m2/repository/org/apache/httpcomponents/httpclient/4.5.6/httpclient-4.5.6.jar:/home/test/.m2/repository/net/razorvine/pyrolite/4.13/pyrolite-4.13.jar:/home/test/.m2/repository/org/datanucleus/datanucleus-api-jdo/3.2.6/datanucleus-api-jdo-3.2.6.jar:/home/test/.m2/repository/net/sourceforge/nekohtml/nekohtml/1.9.22/nekohtml-1.9.22.jar:/home/test/.m2/repository/commons-httpclient/commons-httpclient/3.1/commons-httpclient-3.1.jar:/home/test/.m2/repository/org/eclipse/jetty/websocket/websocket-api/9.2.12.v20150709/websocket-api-9.2.12.v20150709.jar:/home/test/.m2/repository/org/w3c/css/sac/1.3/sac-1.3.jar:/home/test/.m2/repository/com/fasterxml/jackson/module/jackson-module-scala_2.11/2.6.7.1/jackson-module-scala_2.11-2.6.7.1.jar:/home/test/.m2/repository/org/json4s/json4s-ast_2.11/3.5.3/json4s-ast_2.11-3.5.3.jar:/home/test/.m2/repository/com/thoughtworks/paranamer/paranamer/2.8/paranamer-2.8.jar:/home/test/.m2/repository/org/eclipse/jetty/jetty-continuation/9.3.24.v20180605/jetty-continuation-9.3.24.v20180605.jar:/home/test/.m2/repository/org/mockito/mockito-core/1.10.19/mockito-core-1.10.19.jar:/home/test/.m2/repository/org/apache/hadoop/hadoop-hdfs/2.6.5/hadoop-hdfs-2.6.5.jar:/home/test/.m2/repository/com/googlecode/javaewah/JavaEWAH/0.3.2/JavaEWAH-0.3.2.jar:/home/test/.m2/repository/org/fusesource/leveldbjni/leveldbjni-all/1.8/leveldbjni-all-1.8.jar:/home/test/.m2/repository/xml-apis/xml-apis/1.4.01/xml-apis-1.4.01.jar:/home/test/.m2/repository/org/tukaani/xz/1.5/xz-1.5.jar:/home/test/.m2/repository/commons-io/commons-io/2.4/commons-io-2.4.jar:/home/test/.m2/repository/org/apache/commons/commons-lang3/3.5/commons-lang3-3.5.jar:/home/test/.m2/repository/xalan/serializer/2.7.2/serializer-2.7.2.jar:/home/test/.m2/repository/com/esotericsoftware/kryo-shaded/4.0.2/kryo-shaded-4.0.2.jar:/home/test/.m2/repository/com/esotericsoftware/minlog/1.3.0/minlog-1.3.0.jar:/home/test/.m2/repository/xalan/xalan/2.7.2/xalan-2.7.2.jar:/home/test/.m2/repository/org/codehaus/jackson/jackson-core-asl/1.9.13/jackson-core-asl-1.9.13.jar:/home/test/.m2/repository/javax/validation/validation-api/1.1.0.Final/validation-api-1.1.0.Final.jar:/home/test/.m2/repository/org/eclipse/jetty/jetty-http/9.3.24.v20180605/jetty-http-9.3.24.v20180605.jar:/home/test/.m2/repository/org/scala-lang/modules/scala-xml_2.11/1.0.5/scala-xml_2.11-1.0.5.jar:/home/test/.m2/repository/org/iq80/snappy/snappy/0.2/snappy-0.2.jar:/home/test/.m2/repository/org/eclipse/jetty/jetty-security/9.3.24.v20180605/jetty-security-9.3.24.v20180605.jar:/home/test/.m2/repository/com/google/code/findbugs/jsr305/1.3.9/jsr305-1.3.9.jar:/home/test/.m2/repository/org/apache/curator/curator-test/2.6.0/curator-test-2.6.0.jar:/home/test/.m2/repository/javax/xml/bind/jaxb-api/2.2.2/jaxb-api-2.2.2.jar:/home/test/.m2/repository/org/apache/thrift/libthrift/0.9.3/libthrift-0.9.3.jar:/home/test/.m2/repository/org/glassfish/hk2/hk2-api/2.4.0-b34/hk2-api-2.4.0-b34.jar:/home/test/spark/common/unsafe/target/scala-2.11/classes:/home/test/spark/common/tags/target/scala-2.11/test-classes:/home/test/.m2/repository/org/spark-project/hive/hive-exec/1.2.1.spark2/hive-exec-1.2.1.spark2.jar:/home/test/.m2/repository/org/apache/zookeeper/zookeeper/3.4.6/zookeeper-3.4.6.jar:/home/test/.m2/repository/com/jolbox/bonecp/0.8.0.RELEASE/bonecp-0.8.0.RELEASE.jar:/home/test/.m2/repository/commons-codec/commons-codec/1.10/commons-codec-1.10.jar:/home/test/.m2/repository/com/google/guava/guava/14.0.1/guava-14.0.1.jar:/home/test/.m2/repository/org/eclipse/jetty/jetty-plus/9.3.24.v20180605/jetty-plus-9.3.24.v20180605.jar:/home/test/.m2/repository/org/eclipse/jetty/jetty-jndi/9.3.24.v20180605/jetty-jndi-9.3.24.v20180605.jar:/home/test/.m2/repository/javax/servlet/javax.servlet-api/3.1.0/javax.servlet-api-3.1.0.jar:/home/test/.m2/repository/com/fasterxml/jackson/core/jackson-core/2.6.7/jackson-core-2.6.7.jar:/home/test/.m2/repository/org/apache/commons/commons-math3/3.4.1/commons-math3-3.4.1.jar:/home/test/.m2/repository/javax/transaction/jta/1.1/jta-1.1.jar:/home/test/.m2/repository/org/scala-lang/modules/scala-parser-combinators_2.11/1.1.0/scala-parser-combinators_2.11-1.1.0.jar:/home/test/.m2/repository/javax/xml/stream/stax-api/1.0-2/stax-api-1.0-2.jar:/home/test/.m2/repository/org/codehaus/jackson/jackson-xc/1.9.13/jackson-xc-1.9.13.jar:/home/test/.m2/repository/net/sourceforge/htmlunit/htmlunit/2.18/htmlunit-2.18.jar:/home/test/.m2/repository/log4j/apache-log4j-extras/1.2.17/apache-log4j-extras-1.2.17.jar:/home/test/spark/common/tags/target/scala-2.11/classes:/home/test/.m2/repository/org/glassfish/hk2/hk2-utils/2.4.0-b34/hk2-utils-2.4.0-b34.jar:/home/test/.m2/repository/org/glassfish/hk2/external/aopalliance-repackaged/2.4.0-b34/aopalliance-repackaged-2.4.0-b34.jar:/home/test/.m2/repository/net/sf/py4j/py4j/0.10.7/py4j-0.10.7.jar:/home/test/.m2/repository/oro/oro/2.0.8/oro-2.0.8.jar:/home/test/.m2/repository/javax/jdo/jdo-api/3.0.1/jdo-api-3.0.1.jar:/home/test/.m2/repository/org/eclipse/jetty/jetty-servlet/9.3.24.v20180605/jetty-servlet-9.3.24.v20180605.jar:/home/test/.m2/repository/org/apache/curator/curator-framework/2.6.0/curator-framework-2.6.0.jar:/home/test/.m2/repository/org/antlr/antlr-runtime/3.4/antlr-runtime-3.4.jar:/home/test/.m2/repository/stax/stax-api/1.0.1/stax-api-1.0.1.jar:/home/test/.m2/repository/org/eclipse/jetty/websocket/websocket-client/9.2.12.v20150709/websocket-client-9.2.12.v20150709.jar:/home/test/.m2/repository/com/novocode/junit-interface/0.11/junit-interface-0.11.jar:/home/test/.m2/repository/org/hamcrest/hamcrest-library/1.3/hamcrest-library-1.3.jar:/home/test/.m2/repository/org/seleniumhq/selenium/selenium-ie-driver/2.52.0/selenium-ie-driver-2.52.0.jar:/home/test/.m2/repository/io/dropwizard/metrics/metrics-json/3.1.5/metrics-json-3.1.5.jar:/home/test/.m2/repository/org/apache/curator/curator-recipes/2.6.0/curator-recipes-2.6.0.jar:/home/test/.m2/repository/io/dropwizard/metrics/metrics-core/3.1.5/metrics-core-3.1.5.jar:/home/test/.m2/repository/org/xerial/snappy/snappy-java/1.1.7.3/snappy-java-1.1.7.3.jar:/home/test/.m2/repository/commons-pool/commons-pool/1.5.4/commons-pool-1.5.4.jar:/home/test/.m2/repository/org/apache/hadoop/hadoop-mapreduce-client-shuffle/2.6.5/hadoop-mapreduce-client-shuffle-2.6.5.jar:/home/test/.m2/repository/cglib/cglib-nodep/2.1_3/cglib-nodep-2.1_3.jar:/home/test/.m2/repository/org/mortbay/jetty/jetty-util/6.1.26/jetty-util-6.1.26.jar:/home/test/spark/common/kvstore/target/scala-2.11/classes:/home/test/.m2/repository/net/sourceforge/cssparser/cssparser/0.9.16/cssparser-0.9.16.jar:/home/test/.m2/repository/com/fasterxml/jackson/core/jackson-databind/2.6.7.1/jackson-databind-2.6.7.1.jar:/home/test/.m2/repository/org/hamcrest/hamcrest-core/1.3/hamcrest-core-1.3.jar:/home/test/.m2/repository/io/netty/netty/3.9.9.Final/netty-3.9.9.Final.jar:/home/test/.m2/repository/org/apache/avro/avro-ipc/1.8.2/avro-ipc-1.8.2.jar:/home/test/.m2/repository/xmlenc/xmlenc/0.52/xmlenc-0.52.jar:/home/test/.m2/repository/org/spark-project/hive/hive-metastore/1.2.1.spark2/hive-metastore-1.2.1.spark2.jar:/home/test/.m2/repository/org/apache/directory/api/api-util/1.0.0-M20/api-util-1.0.0-M20.jar:/home/test/.m2/repository/org/apache/directory/api/api-asn1-api/1.0.0-M20/api-asn1-api-1.0.0-M20.jar:/home/test/.m2/repository/com/clearspring/analytics/stream/2.7.0/stream-2.7.0.jar:/home/test/.m2/repository/org/apache/curator/curator-client/2.6.0/curator-client-2.6.0.jar:/home/test/.m2/repository/org/apache/thrift/libfb303/0.9.3/libfb303-0.9.3.jar:/home/test/.m2/repository/org/glassfish/jersey/containers/jersey-container-servlet/2.22.2/jersey-container-servlet-2.22.2.jar:/home/test/.m2/repository/org/roaringbitmap/RoaringBitmap/0.7.45/RoaringBitmap-0.7.45.jar:/home/test/.m2/repository/org/apache/hadoop/hadoop-client/2.6.5/hadoop-client-2.6.5.jar:/home/test/.m2/repository/javax/annotation/javax.annotation-api/1.2/javax.annotation-api-1.2.jar:/home/test/.m2/repository/org/glassfish/jersey/media/jersey-media-jaxb/2.22.2/jersey-media-jaxb-2.22.2.jar:/home/test/.m2/repository/org/eclipse/jetty/jetty-util/9.3.24.v20180605/jetty-util-9.3.24.v20180605.jar:/home/test/.m2/repository/org/datanucleus/datanucleus-rdbms/3.2.9/datanucleus-rdbms-3.2.9.jar:/home/test/.m2/repository/junit/junit/4.12/junit-4.12.jar:/home/test/.m2/repository/org/glassfish/hk2/hk2-locator/2.4.0-b34/hk2-locator-2.4.0-b34.jar:/home/test/.m2/repository/org/apache/hadoop/hadoop-yarn-client/2.6.5/hadoop-yarn-client-2.6.5.jar:/home/test/.m2/repository/commons-logging/commons-logging/1.1.3/commons-logging-1.1.3.jar:/home/test/.m2/repository/org/seleniumhq/selenium/selenium-remote-driver/2.52.0/selenium-remote-driver-2.52.0.jar:/home/test/spark/launcher/target/scala-2.11/test-classes:/home/test/spark/common/network-common/target/scala-2.11/classes:/home/test/.m2/repository/org/slf4j/jcl-over-slf4j/1.7.16/jcl-over-slf4j-1.7.16.jar:/home/test/.m2/repository/net/java/dev/jna/jna/4.1.0/jna-4.1.0.jar:/home/test/.m2/repository/io/netty/netty-all/4.1.17.Final/netty-all-4.1.17.Final.jar
[[1;34mINFO[m] 
[[1;34mINFO[m] [1m--- [0;32mscala-maven-plugin:3.2.2:testCompile[m [1m(scala-test-compile-first)[m @ [36mspark-core_2.11[0;1m ---[m
[[1;34mINFO[m] Using zinc server for incremental compilation
[0m[[0minfo[0m] [0mCompile success at Oct 16, 2019 7:54:54 AM [6.861s][0m
[[1;34mINFO[m] 
[[1;34mINFO[m] [1m--- [0;32mmaven-surefire-plugin:2.22.0:test[m [1m(default-test)[m @ [36mspark-core_2.11[0;1m ---[m
[[1;34mINFO[m] 
[[1;34mINFO[m] [1m--- [0;32mmaven-surefire-plugin:2.22.0:test[m [1m(test)[m @ [36mspark-core_2.11[0;1m ---[m
[[1;34mINFO[m] Skipping execution of surefire because it has already been run for this configuration
[[1;34mINFO[m] 
[[1;34mINFO[m] [1m--- [0;32mscalatest-maven-plugin:1.0:test[m [1m(test)[m @ [36mspark-core_2.11[0;1m ---[m
[36mDiscovery starting.[0m
[36mDiscovery completed in 15 seconds, 356 milliseconds.[0m
[36mRun starting. Expected test count is: 2209[0m
[32mExternalSorterSuite:[0m
[32m- empty data stream with kryo ser[0m
[32m- empty data stream with java ser[0m
[32m- few elements per partition with kryo ser[0m
[32m- few elements per partition with java ser[0m
[32m- empty partitions with spilling with kryo ser[0m
[32m- empty partitions with spilling with java ser[0m
[32m- spilling in local cluster with kryo ser[0m
[32m- spilling in local cluster with java ser[0m
[32m- spilling in local cluster with many reduce tasks with kryo ser[0m
[32m- spilling in local cluster with many reduce tasks with java ser[0m
[32m- cleanup of intermediate files in sorter[0m
[32m- cleanup of intermediate files in sorter with failures[0m
[32m- cleanup of intermediate files in shuffle[0m
[32m- cleanup of intermediate files in shuffle with failures[0m
[32m- no sorting or partial aggregation with kryo ser[0m
[32m- no sorting or partial aggregation with java ser[0m
[32m- no sorting or partial aggregation with spilling with kryo ser[0m
[32m- no sorting or partial aggregation with spilling with java ser[0m
[32m- sorting, no partial aggregation with kryo ser[0m
[32m- sorting, no partial aggregation with java ser[0m
[32m- sorting, no partial aggregation with spilling with kryo ser[0m
[32m- sorting, no partial aggregation with spilling with java ser[0m
[32m- partial aggregation, no sorting with kryo ser[0m
[32m- partial aggregation, no sorting with java ser[0m
[32m- partial aggregation, no sorting with spilling with kryo ser[0m
[32m- partial aggregation, no sorting with spilling with java ser[0m
[32m- partial aggregation and sorting with kryo ser[0m
[32m- partial aggregation and sorting with java ser[0m
[32m- partial aggregation and sorting with spilling with kryo ser[0m
[32m- partial aggregation and sorting with spilling with java ser[0m
[32m- sort without breaking sorting contracts with kryo ser[0m
[32m- sort without breaking sorting contracts with java ser[0m
[33m- sort without breaking timsort contracts for large arrays !!! IGNORED !!![0m
[32m- spilling with hash collisions[0m
[32m- spilling with many hash collisions[0m
