NAME="SLES"
VERSION="12-SP4"
VERSION_ID="12.4"
PRETTY_NAME="SUSE Linux Enterprise Server 12 SP4"
ID="sles"
ANSI_COLOR="0;32"
CPE_NAME="cpe:/o:suse:sles:12:sp4"
Linux version 4.12.14-95.13-default (geeko@buildhost) (gcc version 4.8.5 (SUSE Linux) ) #1 SMP Fri Mar 22 06:04:58 UTC 2019 (c01bf34)
Request details : PACKAGE NAME= minikube , VERSION= 1.2.0 
Sudo : Yes
docker : Yes
User responded with Yes. 
Installing minikube 1.2.0 for sles-12.4 
Loading repository data...
Reading installed packages...
'patch' is already installed.
No update candidate for 'patch-2.7.5-8.5.1.s390x'. The highest available version is already installed.
'tar' is already installed.
No update candidate for 'tar-1.27.1-15.3.7.s390x'. The highest available version is already installed.
'python' is already installed.
No update candidate for 'python-2.7.13-28.26.1.s390x'. The highest available version is already installed.
'libvirt-devel' is already installed.
No update candidate for 'libvirt-devel-4.0.0-8.15.2.s390x'. The highest available version is already installed.
'gcc' is already installed.
No update candidate for 'gcc-4.8-6.189.s390x'. The highest available version is already installed.
'curl' is already installed.
No update candidate for 'curl-7.60.0-4.3.1.s390x'. The highest available version is already installed.
'make' is already installed.
No update candidate for 'make-4.0-4.1.s390x'. The highest available version is already installed.
'git' is already installed.
No update candidate for 'git-2.12.3-27.14.1.s390x'. The highest available version is already installed.
'wget' is already installed.
No update candidate for 'wget-1.14-21.10.1.s390x'. The highest available version is already installed.
Resolving package dependencies...

Nothing to do.
install Go success
Configuration and Installation started 
Installing Go... 
Setting default value for GOPATH 
LESSKEY=/etc/lesskey.bin
MANPATH=/usr/share/man:/usr/local/man
NNTPSERVER=news
HOSTNAME=mini
XKEYSYMDB=/usr/X11R6/lib/X11/XKeysymDB
TERM=xterm
SHELL=/bin/bash
HOST=mini
HISTSIZE=1000
PROFILEREAD=true
MORE=-sl
OLDPWD=/root/vibhuti
USER=root
LS_COLORS=no=00:fi=00:di=01;34:ln=00;36:pi=40;33:so=01;35:do=01;35:bd=40;33;01:cd=40;33;01:or=41;33;01:ex=00;32:*.cmd=00;32:*.exe=01;32:*.com=01;32:*.bat=01;32:*.btm=01;32:*.dll=01;32:*.tar=00;31:*.tbz=00;31:*.tgz=00;31:*.rpm=00;31:*.deb=00;31:*.arj=00;31:*.taz=00;31:*.lzh=00;31:*.lzma=00;31:*.zip=00;31:*.zoo=00;31:*.z=00;31:*.Z=00;31:*.gz=00;31:*.bz2=00;31:*.tb2=00;31:*.tz2=00;31:*.tbz2=00;31:*.xz=00;31:*.avi=01;35:*.bmp=01;35:*.fli=01;35:*.gif=01;35:*.jpg=01;35:*.jpeg=01;35:*.mng=01;35:*.mov=01;35:*.mpg=01;35:*.pcx=01;35:*.pbm=01;35:*.pgm=01;35:*.png=01;35:*.ppm=01;35:*.tga=01;35:*.tif=01;35:*.xbm=01;35:*.xpm=01;35:*.dl=01;35:*.gl=01;35:*.wmv=01;35:*.aiff=00;32:*.au=00;32:*.mid=00;32:*.mp3=00;32:*.ogg=00;32:*.voc=00;32:*.wav=00;32:
SUDO_USER=sles
SUDO_UID=1000
XNLSPATH=/usr/X11R6/lib/X11/nls
HOSTTYPE=s390x
USERNAME=root
FROM_HEADER=
PAGER=less
CSHEDIT=emacs
XDG_CONFIG_DIRS=/etc/xdg
MINICOM=-c on
MAIL=/var/mail/root
PATH=/usr/local/go/bin:/sbin:/usr/sbin:/usr/local/sbin:/root/bin:/usr/local/bin:/usr/bin:/bin:/usr/games:/root/go/bin
CPU=s390x
PWD=/root/vibhuti
INPUTRC=/etc/inputrc
LANG=POSIX
PYTHONSTARTUP=/etc/pythonstart
GPG_TTY=/dev/pts/0
HOME=/root
SUDO_COMMAND=/usr/bin/su
SHLVL=2
OSTYPE=linux
LESS_ADVANCED_PREPROCESSOR=no
LS_OPTIONS=-A -N --color=tty -T 0
LOGNAME=root
MACHTYPE=s390x-suse-linux
LESS=-M -I -R
LC_CTYPE=C.UTF-8
XDG_DATA_DIRS=/usr/share
GOPATH=/root/go
LESSOPEN=lessopen.sh %s
SUDO_GID=100
LESSCLOSE=lessclose.sh %s %s
G_BROKEN_FILENAMES=1
COLORTERM=1
_=/usr/bin/printenv
Updated Makefile : success
Updated addon-manager.yaml : success
Updated storage-provisioner.yaml.tmpl : success
Updated Dockerfile : success
GOOS="linux" GOARCH="s390x" go build -tags "container_image_ostree_stub containers_image_openpgp" -ldflags="-X k8s.io/minikube/pkg/version.version=v1.2.0 -X k8s.io/minikube/pkg/version.isoVersion=v1.2.0 -X k8s.io/minikube/pkg/version.isoPath=minikube/iso" -a -o out/minikube-linux-s390x k8s.io/minikube/cmd/minikube
Build and install minikube success
TEST Flag is set, continue with running test 
go get: warning: modules disabled by GO111MODULE=auto in GOPATH/src;
	ignoring go.mod;
	see 'go help modules'
./test.sh
= go mod ================================================================
ok
= make lint =============================================================
level=warning msg="[runner] Can't run linter goimports: error computing diff: fork/exec /usr/bin/diff: cannot allocate memory"
ok
= boilerplate ===========================================================
ok
= schema_check ==========================================================
ok
= go test ===============================================================
ok  	k8s.io/minikube/cmd/minikube/cmd	0.054s	coverage: 17.1% of statements
ok  	k8s.io/minikube/cmd/minikube/cmd/config	0.047s	coverage: 21.3% of statements
ok  	k8s.io/minikube/cmd/util	0.006s	coverage: 7.1% of statements
ok  	k8s.io/minikube/pkg/drivers	0.035s	coverage: 19.6% of statements
ok  	k8s.io/minikube/pkg/drivers/kvm	0.159s	coverage: 2.4% of statements
ok  	k8s.io/minikube/pkg/minikube/assets	0.059s	coverage: 62.1% of statements
ok  	k8s.io/minikube/pkg/minikube/bootstrapper	1.767s	coverage: 21.9% of statements
ok  	k8s.io/minikube/pkg/minikube/bootstrapper/kubeadm	0.140s	coverage: 33.1% of statements
ok  	k8s.io/minikube/pkg/minikube/cluster	360.448s	coverage: 53.2% of statements
ok  	k8s.io/minikube/pkg/minikube/config	0.044s	coverage: 17.6% of statements
ok  	k8s.io/minikube/pkg/minikube/console	0.031s	coverage: 77.9% of statements
ok  	k8s.io/minikube/pkg/minikube/cruntime	0.005s	coverage: 62.7% of statements
ok  	k8s.io/minikube/pkg/minikube/extract	0.003s	coverage: 83.7% of statements
ok  	k8s.io/minikube/pkg/minikube/logs	0.039s	coverage: 1.5% of statements
ok  	k8s.io/minikube/pkg/minikube/machine	0.038s	coverage: 12.5% of statements
ok  	k8s.io/minikube/pkg/minikube/notify	0.054s	coverage: 76.9% of statements
ok  	k8s.io/minikube/pkg/minikube/problem	0.004s	coverage: 42.9% of statements
ok  	k8s.io/minikube/pkg/minikube/proxy	0.006s	coverage: 67.3% of statements
ok  	k8s.io/minikube/pkg/minikube/registry	0.032s	coverage: 81.8% of statements
ok  	k8s.io/minikube/pkg/minikube/service	0.040s	coverage: 40.7% of statements
ok  	k8s.io/minikube/pkg/minikube/sshutil	0.191s	coverage: 75.0% of statements
ok  	k8s.io/minikube/pkg/minikube/tunnel	1.739s	coverage: 64.5% of statements
ok  	k8s.io/minikube/pkg/util	31.560s	coverage: 50.9% of statements
ok
Tests completed. 
Cleaned up the artifacts

********************************************************************************************************

*Getting Started * 
Run following commands to get started: 
export PATH=/usr/local/go/bin:$PATH 
or Restart the terminal to reflect changes

Start docker:   
systemctl daemon-reload   
systemctl restart docker   
sudo -E minikube start --vm-driver=none 
You have successfully started minikube.
**********************************************************************************************************
Cleaned up the artifacts
