**************************** SYSTEM DETAILS *************************************************************
NAME="Ubuntu"
VERSION="16.04 LTS (Xenial Xerus)"
ID=ubuntu
ID_LIKE=debian
PRETTY_NAME="Ubuntu 16.04 LTS"
VERSION_ID="16.04"
HOME_URL="http://www.ubuntu.com/"
SUPPORT_URL="http://help.ubuntu.com/"
BUG_REPORT_URL="http://bugs.launchpad.net/ubuntu/"
UBUNTU_CODENAME=xenial
Linux version 4.4.0-161-generic (buildd@bos02-s390x-018) (gcc version 5.4.0 20160609 (Ubuntu 5.4.0-6ubuntu1~16.04.10) ) #189-Ubuntu SMP Tue Aug 27 08:09:43 UTC 2019
*********************************************************************************************************
Request details : PACKAGE NAME= go , VERSION= 1.12.9 
Sudo : Yes
Installing go 1.12.9 for ubuntu-16.04 
Reading package lists...
Building dependency tree...
Reading state information...
gcc is already the newest version (4:5.3.1-1ubuntu1).
tar is already the newest version (1.28-2.1ubuntu0.1).
wget is already the newest version (1.17.1-1ubuntu1.5).
wget set to manually installed.
The following packages were automatically installed and are no longer required:
  gconf-service gconf-service-backend gconf2 gconf2-common libavahi-glib1
  libbonobo2-0 libbonobo2-common libcanberra0 libgconf-2-4 libgnome-2-0
  libgnome2-common libgnomevfs2-0 libgnomevfs2-common liborbit-2-0 libtdb1
  libvorbisfile3 sound-theme-freedesktop
Use 'sudo apt autoremove' to remove them.
0 upgraded, 0 newly installed, 0 to remove and 181 not upgraded.
Configuration and Installation started 
Downloading go binaries 
Extracted the tar in /usr/local and created symlink
Cleaned up the artifacts
Installed go 1.12.9 successfully 


Usage: 
  Set GOROOT and GOPATH to get started 
  More information can be found here : https://golang.org/cmd/go/ 

